#
# There is insufficient memory for the Java Runtime Environment to continue.
# Native memory allocation (mmap) failed to map 65536 bytes. Error detail: Failed to commit metaspace.
# Possible reasons:
#   The system is out of physical RAM or swap space
#   This process is running with CompressedOops enabled, and the Java Heap may be blocking the growth of the native heap
# Possible solutions:
#   Reduce memory load on the system
#   Increase physical memory or swap space
#   Check if swap backing store is full
#   Decrease Java heap size (-Xmx/-Xms)
#   Decrease number of Java threads
#   Decrease Java thread stack sizes (-Xss)
#   Set larger code cache with -XX:ReservedCodeCacheSize=
#   JVM is running with Zero Based Compressed Oops mode in which the Java heap is
#     placed in the first 32GB address space. The Java Heap base address is the
#     maximum limit for the native heap growth. Please use -XX:HeapBaseMinAddress
#     to set the Java Heap base and to place the Java Heap above 32GB virtual address.
# This output file may be truncated or incomplete.
#
#  Out of Memory Error (virtualSpaceNode.cpp:110), pid=21628, tid=15232
#
# JRE version: OpenJDK Runtime Environment Corretto-17.0.13.11.1 (17.0.13+11) (build 17.0.13+11-LTS)
# Java VM: OpenJDK 64-Bit Server VM Corretto-17.0.13.11.1 (17.0.13+11-LTS, mixed mode, emulated-client, sharing, tiered, compressed oops, compressed class ptrs, g1 gc, windows-amd64)
# No core dump will be written. Minidumps are not enabled by default on client versions of Windows
#

---------------  S U M M A R Y ------------

Command Line: -agentlib:jdwp=transport=dt_socket,address=127.0.0.1:52089,suspend=y,server=n -agentpath:C:\Users\abdul\AppData\Local\Temp\idea_libasyncProfiler_dll_temp_folder4532\libasyncProfiler.dll=version,jfr,event=wall,interval=10ms,cstack=no,file=C:\Users\abdul\IdeaSnapshots\DemoApplication_2024_12_21_140628.jfr,dbghelppath=C:\Users\abdul\AppData\Local\Temp\idea_dbghelp_dll_temp_folder8\dbghelp.dll,log=C:\Users\abdul\AppData\Local\Temp\DemoApplication_2024_12_21_140628.jfr.log.txt,logLevel=DEBUG -XX:TieredStopAtLevel=1 -Dspring.output.ansi.enabled=always -Dcom.sun.management.jmxremote -Dspring.jmx.enabled=true -Dspring.liveBeansView.mbeanDomain -Dspring.application.admin.enabled=true -Dmanagement.endpoints.jmx.exposure.include=* -javaagent:C:\Users\abdul\AppData\Local\JetBrains\IntelliJIdea2024.3\captureAgent\debugger-agent.jar -Dkotlinx.coroutines.debug.enable.creation.stack.trace=false -Ddebugger.agent.enable.coroutines=true -Dkotlinx.coroutines.debug.enable.flows.stack.trace=true -Dkotlinx.coroutines.debug.enable.mutable.state.flows.stack.trace=true -Dfile.encoding=UTF-8 com.example.demo.DemoApplication

Host: 11th Gen Intel(R) Core(TM) i5-11320H @ 3.20GHz, 8 cores, 15G,  Windows 11 , 64 bit Build 26100 (10.0.26100.2454)
Time: Sat Dec 21 14:06:37 2024 Türkiye Standart Saati elapsed time: 9.532525 seconds (0d 0h 0m 9s)

---------------  T H R E A D  ---------------

Current thread (0x0000029a2a2fb370):  JavaThread "main" [_thread_in_vm, id=15232, stack(0x000000d9b9b00000,0x000000d9b9c00000)]

Stack: [0x000000d9b9b00000,0x000000d9b9c00000]
Native frames: (J=compiled Java code, j=interpreted, Vv=VM code, C=native code)
V  [jvm.dll+0x680c19]
V  [jvm.dll+0x83888a]
V  [jvm.dll+0x83a34e]
V  [jvm.dll+0x83a9b3]
V  [jvm.dll+0x2481af]
V  [jvm.dll+0x83453d]
V  [jvm.dll+0x624eee]
V  [jvm.dll+0x1c1c9b]
V  [jvm.dll+0x62787d]
V  [jvm.dll+0x625896]
V  [jvm.dll+0x36fb12]
V  [jvm.dll+0x1e39ab]
V  [jvm.dll+0x544b05]
V  [jvm.dll+0x7b1db6]
V  [jvm.dll+0x7b1a0d]
V  [jvm.dll+0x7b2e59]
V  [jvm.dll+0x7b31b8]
V  [jvm.dll+0x24033e]
V  [jvm.dll+0x38380e]
C  0x0000029a2a4b5844

The last pc belongs to new (printed below).
Java frames: (J=compiled Java code, j=interpreted, Vv=VM code)
j  java.util.logging.LogManager.ensureLogManagerInitialized()V+92 java.logging@17.0.13
j  java.util.logging.LogManager.getLogManager()Ljava/util/logging/LogManager;+9 java.logging@17.0.13
j  java.util.logging.Logging.<clinit>()V+0 java.logging@17.0.13
v  ~StubRoutines::call_stub
j  java.util.logging.LogManager.getLoggingMXBean()Ljava/util/logging/LoggingMXBean;+0 java.logging@17.0.13
v  ~StubRoutines::call_stub
j  jdk.internal.reflect.NativeMethodAccessorImpl.invoke0(Ljava/lang/reflect/Method;Ljava/lang/Object;[Ljava/lang/Object;)Ljava/lang/Object;+0 java.base@17.0.13
j  jdk.internal.reflect.NativeMethodAccessorImpl.invoke(Ljava/lang/Object;[Ljava/lang/Object;)Ljava/lang/Object;+133 java.base@17.0.13
j  jdk.internal.reflect.DelegatingMethodAccessorImpl.invoke(Ljava/lang/Object;[Ljava/lang/Object;)Ljava/lang/Object;+6 java.base@17.0.13
j  java.lang.reflect.Method.invoke(Ljava/lang/Object;[Ljava/lang/Object;)Ljava/lang/Object;+59 java.base@17.0.13
j  sun.management.ManagementFactoryHelper$LoggingMXBeanAccess.getMXBeanImplementation()Ljava/lang/Object;+35 java.management@17.0.13
j  sun.management.ManagementFactoryHelper$LoggingMXBeanAccess.<init>()V+5 java.management@17.0.13
j  sun.management.ManagementFactoryHelper$PlatformLoggingImpl.getInstance()Lsun/management/ManagementFactoryHelper$PlatformLoggingImpl;+8 java.management@17.0.13
j  sun.management.ManagementFactoryHelper$PlatformLoggingImpl.<clinit>()V+0 java.management@17.0.13
v  ~StubRoutines::call_stub
j  sun.management.ManagementFactoryHelper.getPlatformLoggingMXBean()Ljava/lang/management/PlatformLoggingMXBean;+6 java.management@17.0.13
j  java.lang.management.DefaultPlatformMBeanProvider$9.nameToMBeanMap()Ljava/util/Map;+2 java.management@17.0.13
j  java.lang.management.ManagementFactory.lambda$getPlatformMBeanServer$0(Lsun/management/spi/PlatformMBeanProvider$PlatformComponent;)Ljava/util/stream/Stream;+1 java.management@17.0.13
j  java.lang.management.ManagementFactory$$Lambda$17+0x0000029a3c030d10.apply(Ljava/lang/Object;)Ljava/lang/Object;+4 java.management@17.0.13
j  java.util.stream.ReferencePipeline$7$1.accept(Ljava/lang/Object;)V+8 java.base@17.0.13
j  java.util.stream.ReferencePipeline$2$1.accept(Ljava/lang/Object;)V+21 java.base@17.0.13
j  java.util.HashMap$ValueSpliterator.forEachRemaining(Ljava/util/function/Consumer;)V+145 java.base@17.0.13
j  java.util.stream.AbstractPipeline.copyInto(Ljava/util/stream/Sink;Ljava/util/Spliterator;)V+32 java.base@17.0.13
j  java.util.stream.AbstractPipeline.wrapAndCopyInto(Ljava/util/stream/Sink;Ljava/util/Spliterator;)Ljava/util/stream/Sink;+13 java.base@17.0.13
j  java.util.stream.ForEachOps$ForEachOp.evaluateSequential(Ljava/util/stream/PipelineHelper;Ljava/util/Spliterator;)Ljava/lang/Void;+3 java.base@17.0.13
j  java.util.stream.ForEachOps$ForEachOp$OfRef.evaluateSequential(Ljava/util/stream/PipelineHelper;Ljava/util/Spliterator;)Ljava/lang/Object;+3 java.base@17.0.13
j  java.util.stream.AbstractPipeline.evaluate(Ljava/util/stream/TerminalOp;)Ljava/lang/Object;+88 java.base@17.0.13
j  java.util.stream.ReferencePipeline.forEach(Ljava/util/function/Consumer;)V+6 java.base@17.0.13
j  java.lang.management.ManagementFactory.getPlatformMBeanServer()Ljavax/management/MBeanServer;+68 java.management@17.0.13
j  sun.management.jmxremote.ConnectorBootstrap.startLocalConnectorServer()Ljavax/management/remote/JMXConnectorServer;+88 jdk.management.agent@17.0.13
j  jdk.internal.agent.Agent.startLocalManagementAgent()V+13 jdk.management.agent@17.0.13
j  jdk.internal.agent.Agent.startAgent(Ljava/util/Properties;)V+58 jdk.management.agent@17.0.13
j  jdk.internal.agent.Agent.startAgent()V+20 jdk.management.agent@17.0.13
v  ~StubRoutines::call_stub
new  187 new  [0x0000029a2a4b56a0, 0x0000029a2a4b5980]  736 bytes
[MachCode]
  0x0000029a2a4b56a0: 4883 ec08 | c5fa 1104 | 24eb 1f48 | 83ec 10c5 | fb11 0424 | eb14 4883 | ec10 4889 | 0424 48c7 
  0x0000029a2a4b56c0: 4424 0800 | 0000 00eb | 0150 410f | b755 010f | cac1 ea10 | 488b 4de8 | 488b 4908 | 488b 4908 
  0x0000029a2a4b56e0: 488b 4108 | 807c 1004 | 070f 85df | 0000 0066 | 8b54 d148 | 488b 4928 | 488b 4cd1 | 0851 80b9 
  0x0000029a2a4b5700: 3301 0000 | 040f 85c2 | 0000 008b | 5108 f7c2 | 0100 0000 | 0f85 b300 | 0000 498b | 8708 0100 
  0x0000029a2a4b5720: 0048 8d1c | 1049 3b9f | 1801 0000 | 0f87 9b00 | 0000 4989 | 9f08 0100 | 00e9 0000 | 0000 4883 
  0x0000029a2a4b5740: ea10 0f84 | 0f00 0000 | 33c9 c1ea | 0348 894c | d008 48ff | ca75 f648 | c700 0100 | 0000 5933 
  0x0000029a2a4b5760: f689 700c | 49ba 0000 | 003b 9a02 | 0000 492b | ca89 4808 | 49ba 8ad6 | 808b fc7f | 0000 4180 
  0x0000029a2a4b5780: 3a00 0f84 | 4000 0000 | 5048 8bc8 | 4883 ec20 | f7c4 0f00 | 0000 0f84 | 1a00 0000 | 4883 ec08 
  0x0000029a2a4b57a0: 49ba 7060 | 368b fc7f | 0000 41ff | d248 83c4 | 08e9 0d00 | 0000 49ba | 7060 368b | fc7f 0000 
  0x0000029a2a4b57c0: 41ff d248 | 83c4 2058 | e992 0100 | 0059 488b | 55e8 488b | 5208 488b | 5208 450f | b745 0141 
  0x0000029a2a4b57e0: 0fc8 41c1 | e810 e805 | 0000 00e9 | 6f01 0000 | 488d 4424 | 084c 896d | c049 8bcf | c5f8 7749 
  0x0000029a2a4b5800: 89af a802 | 0000 4989 | 8798 0200 | 0048 83ec | 20f7 c40f | 0000 000f | 841a 0000 | 0048 83ec 
  0x0000029a2a4b5820: 0849 bac0 | 3700 8bfc | 7f00 0041 | ffd2 4883 | c408 e90d | 0000 0049 | bac0 3700 | 8bfc 7f00 
  0x0000029a2a4b5840: 0041 ffd2 | 4883 c420 | 49c7 8798 | 0200 0000 | 0000 0049 | c787 a802 | 0000 0000 | 0000 49c7 
  0x0000029a2a4b5860: 87a0 0200 | 0000 0000 | 00c5 f877 | 418b 8f0c | 0400 00f7 | c101 0000 | 000f 8449 | 0000 00f7 
  0x0000029a2a4b5880: c102 0000 | 000f 853d | 0000 0048 | 83ec 20f7 | c40f 0000 | 000f 841a | 0000 0048 | 83ec 0849 
  0x0000029a2a4b58a0: ba50 1200 | 8bfc 7f00 | 0041 ffd2 | 4883 c408 | e90d 0000 | 0049 ba50 | 1200 8bfc | 7f00 0041 
  0x0000029a2a4b58c0: ffd2 4883 | c420 ffe0 | 498b 8f90 | 0400 0048 | 85c9 0f84 | 5900 0000 | 8b89 8c00 | 0000 83f9 
  0x0000029a2a4b58e0: 010f 854a | 0000 0049 | 8b8f 9004 | 0000 8b89 | 9000 0000 | 4883 ec20 | f7c4 0f00 | 0000 0f84 
  0x0000029a2a4b5900: 1a00 0000 | 4883 ec08 | 49ba 4012 | 008b fc7f | 0000 41ff | d248 83c4 | 08e9 0d00 | 0000 49ba 
  0x0000029a2a4b5920: 4012 008b | fc7f 0000 | 41ff d248 | 83c4 20ff | e049 817f | 0800 0000 | 000f 8405 | 0000 00e9 
  0x0000029a2a4b5940: bcb5 fdff | 498b 87f0 | 0200 0049 | c787 f002 | 0000 0000 | 0000 4c8b | 6dc0 4c8b | 75c8 c341 
  0x0000029a2a4b5960: 0fb6 5d03 | 4983 c503 | 49ba d046 | 838b fc7f | 0000 41ff | 24da 6690 | 0000 0000 | 0000 0000 
[/MachCode]

---------------  P R O C E S S  ---------------

Threads class SMR info:
_java_thread_list=0x0000029a3a726f10, length=15, elements={
0x0000029a2a2fb370, 0x0000029a39db4200, 0x0000029a39db47e0, 0x0000029a39dd11d0,
0x0000029a39dd36c0, 0x0000029a39dd3ba0, 0x0000029a39dd4080, 0x0000029a39dd4560,
0x0000029a39ddaaa0, 0x0000029a39d92830, 0x0000029a39f43040, 0x0000029a39f47890,
0x0000029a39f5fed0, 0x0000029a3a1e2a40, 0x0000029a3a76b120
}

Java Threads: ( => current thread )
=>0x0000029a2a2fb370 JavaThread "main" [_thread_in_vm, id=15232, stack(0x000000d9b9b00000,0x000000d9b9c00000)]
  0x0000029a39db4200 JavaThread "Reference Handler" daemon [_thread_blocked, id=4724, stack(0x000000d9ba200000,0x000000d9ba300000)]
  0x0000029a39db47e0 JavaThread "Finalizer" daemon [_thread_blocked, id=5540, stack(0x000000d9ba300000,0x000000d9ba400000)]
  0x0000029a39dd11d0 JavaThread "Signal Dispatcher" daemon [_thread_blocked, id=12836, stack(0x000000d9ba400000,0x000000d9ba500000)]
  0x0000029a39dd36c0 JavaThread "Attach Listener" daemon [_thread_blocked, id=16876, stack(0x000000d9ba500000,0x000000d9ba600000)]
  0x0000029a39dd3ba0 JavaThread "Service Thread" daemon [_thread_blocked, id=15952, stack(0x000000d9ba600000,0x000000d9ba700000)]
  0x0000029a39dd4080 JavaThread "Monitor Deflation Thread" daemon [_thread_blocked, id=21084, stack(0x000000d9ba700000,0x000000d9ba800000)]
  0x0000029a39dd4560 JavaThread "C1 CompilerThread0" daemon [_thread_blocked, id=2780, stack(0x000000d9ba800000,0x000000d9ba900000)]
  0x0000029a39ddaaa0 JavaThread "Sweeper thread" daemon [_thread_blocked, id=14796, stack(0x000000d9ba900000,0x000000d9baa00000)]
  0x0000029a39d92830 JavaThread "Common-Cleaner" daemon [_thread_blocked, id=19332, stack(0x000000d9baa00000,0x000000d9bab00000)]
  0x0000029a39f43040 JavaThread "JDWP Transport Listener: dt_socket" daemon [_thread_blocked, id=16284, stack(0x000000d9bad00000,0x000000d9bae00000)]
  0x0000029a39f47890 JavaThread "JDWP Event Helper Thread" daemon [_thread_blocked, id=22044, stack(0x000000d9bae00000,0x000000d9baf00000)]
  0x0000029a39f5fed0 JavaThread "JDWP Command Reader" daemon [_thread_in_native, id=21756, stack(0x000000d9baf00000,0x000000d9bb000000)]
  0x0000029a3a1e2a40 JavaThread "Notification Thread" daemon [_thread_blocked, id=17816, stack(0x000000d9bb000000,0x000000d9bb100000)]
  0x0000029a3a76b120 JavaThread "C1 CompilerThread1" daemon [_thread_blocked, id=15092, stack(0x000000d9bab00000,0x000000d9bac00000)]

Other Threads:
  0x0000029a39dab210 VMThread "VM Thread" [stack: 0x000000d9ba100000,0x000000d9ba200000] [id=13908] _threads_hazard_ptr=0x0000029a3a726f10
  0x0000029a2a372ca0 GCTaskThread "GC Thread#0" [stack: 0x000000d9b9c00000,0x000000d9b9d00000] [id=14560]
  0x0000029a225fdf00 ConcurrentGCThread "G1 Main Marker" [stack: 0x000000d9b9d00000,0x000000d9b9e00000] [id=13724]
  0x0000029a225fe830 ConcurrentGCThread "G1 Conc#0" [stack: 0x000000d9b9e00000,0x000000d9b9f00000] [id=16664]
  0x0000029a2a47d510 ConcurrentGCThread "G1 Refine#0" [stack: 0x000000d9b9f00000,0x000000d9ba000000] [id=6936]
  0x0000029a2a47ed00 ConcurrentGCThread "G1 Service" [stack: 0x000000d9ba000000,0x000000d9ba100000] [id=6236]

Threads with active compile tasks:

VM state: synchronizing (normal execution)

VM Mutex/Monitor currently owned by a thread:  ([mutex/lock_event])
[0x0000029a2a2f5b70] Metaspace_lock - owner thread: 0x0000029a2a2fb370
[0x0000029a2a2f6e90] Threads_lock - owner thread: 0x0000029a39dab210

Heap address: 0x0000000703600000, size: 4042 MB, Compressed Oops mode: Zero based, Oop shift amount: 3

CDS archive(s) mapped at: [0x0000029a3b000000-0x0000029a3bbb0000-0x0000029a3bbb0000), size 12255232, SharedBaseAddress: 0x0000029a3b000000, ArchiveRelocationMode: 1.
Compressed class space mapped at: 0x0000029a3c000000-0x0000029a7c000000, reserved size: 1073741824
Narrow klass base: 0x0000029a3b000000, Narrow klass shift: 0, Narrow klass range: 0x100000000

GC Precious Log:
 CPUs: 8 total, 8 available
 Memory: 16167M
 Large Page Support: Disabled
 NUMA Support: Disabled
 Compressed Oops: Enabled (Zero based)
 Heap Region Size: 2M
 Heap Min Capacity: 8M
 Heap Initial Capacity: 254M
 Heap Max Capacity: 4042M
 Pre-touch: Disabled
 Parallel Workers: 8
 Concurrent Workers: 2
 Concurrent Refinement Workers: 8
 Periodic GC: Disabled

Heap:
 garbage-first heap   total 260096K, used 10240K [0x0000000703600000, 0x0000000800000000)
  region size 2048K, 7 young (14336K), 0 survivors (0K)
 Metaspace       used 4875K, committed 4928K, reserved 1114112K
  class space    used 496K, committed 512K, reserved 1048576K

Heap Regions: E=young(eden), S=young(survivor), O=old, HS=humongous(starts), HC=humongous(continues), CS=collection set, F=free, OA=open archive, CA=closed archive, TAMS=top-at-mark-start (previous, next)
|   0|0x0000000703600000, 0x0000000703600000, 0x0000000703800000|  0%| F|  |TAMS 0x0000000703600000, 0x0000000703600000| Untracked 
|   1|0x0000000703800000, 0x0000000703800000, 0x0000000703a00000|  0%| F|  |TAMS 0x0000000703800000, 0x0000000703800000| Untracked 
|   2|0x0000000703a00000, 0x0000000703a00000, 0x0000000703c00000|  0%| F|  |TAMS 0x0000000703a00000, 0x0000000703a00000| Untracked 
|   3|0x0000000703c00000, 0x0000000703c00000, 0x0000000703e00000|  0%| F|  |TAMS 0x0000000703c00000, 0x0000000703c00000| Untracked 
|   4|0x0000000703e00000, 0x0000000703e00000, 0x0000000704000000|  0%| F|  |TAMS 0x0000000703e00000, 0x0000000703e00000| Untracked 
|   5|0x0000000704000000, 0x0000000704000000, 0x0000000704200000|  0%| F|  |TAMS 0x0000000704000000, 0x0000000704000000| Untracked 
|   6|0x0000000704200000, 0x0000000704200000, 0x0000000704400000|  0%| F|  |TAMS 0x0000000704200000, 0x0000000704200000| Untracked 
|   7|0x0000000704400000, 0x0000000704400000, 0x0000000704600000|  0%| F|  |TAMS 0x0000000704400000, 0x0000000704400000| Untracked 
|   8|0x0000000704600000, 0x0000000704600000, 0x0000000704800000|  0%| F|  |TAMS 0x0000000704600000, 0x0000000704600000| Untracked 
|   9|0x0000000704800000, 0x0000000704800000, 0x0000000704a00000|  0%| F|  |TAMS 0x0000000704800000, 0x0000000704800000| Untracked 
|  10|0x0000000704a00000, 0x0000000704a00000, 0x0000000704c00000|  0%| F|  |TAMS 0x0000000704a00000, 0x0000000704a00000| Untracked 
|  11|0x0000000704c00000, 0x0000000704c00000, 0x0000000704e00000|  0%| F|  |TAMS 0x0000000704c00000, 0x0000000704c00000| Untracked 
|  12|0x0000000704e00000, 0x0000000704e00000, 0x0000000705000000|  0%| F|  |TAMS 0x0000000704e00000, 0x0000000704e00000| Untracked 
|  13|0x0000000705000000, 0x0000000705000000, 0x0000000705200000|  0%| F|  |TAMS 0x0000000705000000, 0x0000000705000000| Untracked 
|  14|0x0000000705200000, 0x0000000705200000, 0x0000000705400000|  0%| F|  |TAMS 0x0000000705200000, 0x0000000705200000| Untracked 
|  15|0x0000000705400000, 0x0000000705400000, 0x0000000705600000|  0%| F|  |TAMS 0x0000000705400000, 0x0000000705400000| Untracked 
|  16|0x0000000705600000, 0x0000000705600000, 0x0000000705800000|  0%| F|  |TAMS 0x0000000705600000, 0x0000000705600000| Untracked 
|  17|0x0000000705800000, 0x0000000705800000, 0x0000000705a00000|  0%| F|  |TAMS 0x0000000705800000, 0x0000000705800000| Untracked 
|  18|0x0000000705a00000, 0x0000000705a00000, 0x0000000705c00000|  0%| F|  |TAMS 0x0000000705a00000, 0x0000000705a00000| Untracked 
|  19|0x0000000705c00000, 0x0000000705c00000, 0x0000000705e00000|  0%| F|  |TAMS 0x0000000705c00000, 0x0000000705c00000| Untracked 
|  20|0x0000000705e00000, 0x0000000705e00000, 0x0000000706000000|  0%| F|  |TAMS 0x0000000705e00000, 0x0000000705e00000| Untracked 
|  21|0x0000000706000000, 0x0000000706000000, 0x0000000706200000|  0%| F|  |TAMS 0x0000000706000000, 0x0000000706000000| Untracked 
|  22|0x0000000706200000, 0x0000000706200000, 0x0000000706400000|  0%| F|  |TAMS 0x0000000706200000, 0x0000000706200000| Untracked 
|  23|0x0000000706400000, 0x0000000706400000, 0x0000000706600000|  0%| F|  |TAMS 0x0000000706400000, 0x0000000706400000| Untracked 
|  24|0x0000000706600000, 0x0000000706600000, 0x0000000706800000|  0%| F|  |TAMS 0x0000000706600000, 0x0000000706600000| Untracked 
|  25|0x0000000706800000, 0x0000000706800000, 0x0000000706a00000|  0%| F|  |TAMS 0x0000000706800000, 0x0000000706800000| Untracked 
|  26|0x0000000706a00000, 0x0000000706a00000, 0x0000000706c00000|  0%| F|  |TAMS 0x0000000706a00000, 0x0000000706a00000| Untracked 
|  27|0x0000000706c00000, 0x0000000706c00000, 0x0000000706e00000|  0%| F|  |TAMS 0x0000000706c00000, 0x0000000706c00000| Untracked 
|  28|0x0000000706e00000, 0x0000000706e00000, 0x0000000707000000|  0%| F|  |TAMS 0x0000000706e00000, 0x0000000706e00000| Untracked 
|  29|0x0000000707000000, 0x0000000707000000, 0x0000000707200000|  0%| F|  |TAMS 0x0000000707000000, 0x0000000707000000| Untracked 
|  30|0x0000000707200000, 0x0000000707200000, 0x0000000707400000|  0%| F|  |TAMS 0x0000000707200000, 0x0000000707200000| Untracked 
|  31|0x0000000707400000, 0x0000000707400000, 0x0000000707600000|  0%| F|  |TAMS 0x0000000707400000, 0x0000000707400000| Untracked 
|  32|0x0000000707600000, 0x0000000707600000, 0x0000000707800000|  0%| F|  |TAMS 0x0000000707600000, 0x0000000707600000| Untracked 
|  33|0x0000000707800000, 0x0000000707800000, 0x0000000707a00000|  0%| F|  |TAMS 0x0000000707800000, 0x0000000707800000| Untracked 
|  34|0x0000000707a00000, 0x0000000707a00000, 0x0000000707c00000|  0%| F|  |TAMS 0x0000000707a00000, 0x0000000707a00000| Untracked 
|  35|0x0000000707c00000, 0x0000000707c00000, 0x0000000707e00000|  0%| F|  |TAMS 0x0000000707c00000, 0x0000000707c00000| Untracked 
|  36|0x0000000707e00000, 0x0000000707e00000, 0x0000000708000000|  0%| F|  |TAMS 0x0000000707e00000, 0x0000000707e00000| Untracked 
|  37|0x0000000708000000, 0x0000000708000000, 0x0000000708200000|  0%| F|  |TAMS 0x0000000708000000, 0x0000000708000000| Untracked 
|  38|0x0000000708200000, 0x0000000708200000, 0x0000000708400000|  0%| F|  |TAMS 0x0000000708200000, 0x0000000708200000| Untracked 
|  39|0x0000000708400000, 0x0000000708400000, 0x0000000708600000|  0%| F|  |TAMS 0x0000000708400000, 0x0000000708400000| Untracked 
|  40|0x0000000708600000, 0x0000000708600000, 0x0000000708800000|  0%| F|  |TAMS 0x0000000708600000, 0x0000000708600000| Untracked 
|  41|0x0000000708800000, 0x0000000708800000, 0x0000000708a00000|  0%| F|  |TAMS 0x0000000708800000, 0x0000000708800000| Untracked 
|  42|0x0000000708a00000, 0x0000000708a00000, 0x0000000708c00000|  0%| F|  |TAMS 0x0000000708a00000, 0x0000000708a00000| Untracked 
|  43|0x0000000708c00000, 0x0000000708c00000, 0x0000000708e00000|  0%| F|  |TAMS 0x0000000708c00000, 0x0000000708c00000| Untracked 
|  44|0x0000000708e00000, 0x0000000708e00000, 0x0000000709000000|  0%| F|  |TAMS 0x0000000708e00000, 0x0000000708e00000| Untracked 
|  45|0x0000000709000000, 0x0000000709000000, 0x0000000709200000|  0%| F|  |TAMS 0x0000000709000000, 0x0000000709000000| Untracked 
|  46|0x0000000709200000, 0x0000000709200000, 0x0000000709400000|  0%| F|  |TAMS 0x0000000709200000, 0x0000000709200000| Untracked 
|  47|0x0000000709400000, 0x0000000709400000, 0x0000000709600000|  0%| F|  |TAMS 0x0000000709400000, 0x0000000709400000| Untracked 
|  48|0x0000000709600000, 0x0000000709600000, 0x0000000709800000|  0%| F|  |TAMS 0x0000000709600000, 0x0000000709600000| Untracked 
|  49|0x0000000709800000, 0x0000000709800000, 0x0000000709a00000|  0%| F|  |TAMS 0x0000000709800000, 0x0000000709800000| Untracked 
|  50|0x0000000709a00000, 0x0000000709a00000, 0x0000000709c00000|  0%| F|  |TAMS 0x0000000709a00000, 0x0000000709a00000| Untracked 
|  51|0x0000000709c00000, 0x0000000709c00000, 0x0000000709e00000|  0%| F|  |TAMS 0x0000000709c00000, 0x0000000709c00000| Untracked 
|  52|0x0000000709e00000, 0x0000000709e00000, 0x000000070a000000|  0%| F|  |TAMS 0x0000000709e00000, 0x0000000709e00000| Untracked 
|  53|0x000000070a000000, 0x000000070a000000, 0x000000070a200000|  0%| F|  |TAMS 0x000000070a000000, 0x000000070a000000| Untracked 
|  54|0x000000070a200000, 0x000000070a200000, 0x000000070a400000|  0%| F|  |TAMS 0x000000070a200000, 0x000000070a200000| Untracked 
|  55|0x000000070a400000, 0x000000070a400000, 0x000000070a600000|  0%| F|  |TAMS 0x000000070a400000, 0x000000070a400000| Untracked 
|  56|0x000000070a600000, 0x000000070a600000, 0x000000070a800000|  0%| F|  |TAMS 0x000000070a600000, 0x000000070a600000| Untracked 
|  57|0x000000070a800000, 0x000000070a800000, 0x000000070aa00000|  0%| F|  |TAMS 0x000000070a800000, 0x000000070a800000| Untracked 
|  58|0x000000070aa00000, 0x000000070aa00000, 0x000000070ac00000|  0%| F|  |TAMS 0x000000070aa00000, 0x000000070aa00000| Untracked 
|  59|0x000000070ac00000, 0x000000070ac00000, 0x000000070ae00000|  0%| F|  |TAMS 0x000000070ac00000, 0x000000070ac00000| Untracked 
|  60|0x000000070ae00000, 0x000000070ae00000, 0x000000070b000000|  0%| F|  |TAMS 0x000000070ae00000, 0x000000070ae00000| Untracked 
|  61|0x000000070b000000, 0x000000070b000000, 0x000000070b200000|  0%| F|  |TAMS 0x000000070b000000, 0x000000070b000000| Untracked 
|  62|0x000000070b200000, 0x000000070b200000, 0x000000070b400000|  0%| F|  |TAMS 0x000000070b200000, 0x000000070b200000| Untracked 
|  63|0x000000070b400000, 0x000000070b400000, 0x000000070b600000|  0%| F|  |TAMS 0x000000070b400000, 0x000000070b400000| Untracked 
|  64|0x000000070b600000, 0x000000070b600000, 0x000000070b800000|  0%| F|  |TAMS 0x000000070b600000, 0x000000070b600000| Untracked 
|  65|0x000000070b800000, 0x000000070b800000, 0x000000070ba00000|  0%| F|  |TAMS 0x000000070b800000, 0x000000070b800000| Untracked 
|  66|0x000000070ba00000, 0x000000070ba00000, 0x000000070bc00000|  0%| F|  |TAMS 0x000000070ba00000, 0x000000070ba00000| Untracked 
|  67|0x000000070bc00000, 0x000000070bc00000, 0x000000070be00000|  0%| F|  |TAMS 0x000000070bc00000, 0x000000070bc00000| Untracked 
|  68|0x000000070be00000, 0x000000070be00000, 0x000000070c000000|  0%| F|  |TAMS 0x000000070be00000, 0x000000070be00000| Untracked 
|  69|0x000000070c000000, 0x000000070c000000, 0x000000070c200000|  0%| F|  |TAMS 0x000000070c000000, 0x000000070c000000| Untracked 
|  70|0x000000070c200000, 0x000000070c200000, 0x000000070c400000|  0%| F|  |TAMS 0x000000070c200000, 0x000000070c200000| Untracked 
|  71|0x000000070c400000, 0x000000070c400000, 0x000000070c600000|  0%| F|  |TAMS 0x000000070c400000, 0x000000070c400000| Untracked 
|  72|0x000000070c600000, 0x000000070c600000, 0x000000070c800000|  0%| F|  |TAMS 0x000000070c600000, 0x000000070c600000| Untracked 
|  73|0x000000070c800000, 0x000000070c800000, 0x000000070ca00000|  0%| F|  |TAMS 0x000000070c800000, 0x000000070c800000| Untracked 
|  74|0x000000070ca00000, 0x000000070ca00000, 0x000000070cc00000|  0%| F|  |TAMS 0x000000070ca00000, 0x000000070ca00000| Untracked 
|  75|0x000000070cc00000, 0x000000070cc00000, 0x000000070ce00000|  0%| F|  |TAMS 0x000000070cc00000, 0x000000070cc00000| Untracked 
|  76|0x000000070ce00000, 0x000000070ce00000, 0x000000070d000000|  0%| F|  |TAMS 0x000000070ce00000, 0x000000070ce00000| Untracked 
|  77|0x000000070d000000, 0x000000070d000000, 0x000000070d200000|  0%| F|  |TAMS 0x000000070d000000, 0x000000070d000000| Untracked 
|  78|0x000000070d200000, 0x000000070d200000, 0x000000070d400000|  0%| F|  |TAMS 0x000000070d200000, 0x000000070d200000| Untracked 
|  79|0x000000070d400000, 0x000000070d400000, 0x000000070d600000|  0%| F|  |TAMS 0x000000070d400000, 0x000000070d400000| Untracked 
|  80|0x000000070d600000, 0x000000070d600000, 0x000000070d800000|  0%| F|  |TAMS 0x000000070d600000, 0x000000070d600000| Untracked 
|  81|0x000000070d800000, 0x000000070d800000, 0x000000070da00000|  0%| F|  |TAMS 0x000000070d800000, 0x000000070d800000| Untracked 
|  82|0x000000070da00000, 0x000000070da00000, 0x000000070dc00000|  0%| F|  |TAMS 0x000000070da00000, 0x000000070da00000| Untracked 
|  83|0x000000070dc00000, 0x000000070dc00000, 0x000000070de00000|  0%| F|  |TAMS 0x000000070dc00000, 0x000000070dc00000| Untracked 
|  84|0x000000070de00000, 0x000000070de00000, 0x000000070e000000|  0%| F|  |TAMS 0x000000070de00000, 0x000000070de00000| Untracked 
|  85|0x000000070e000000, 0x000000070e000000, 0x000000070e200000|  0%| F|  |TAMS 0x000000070e000000, 0x000000070e000000| Untracked 
|  86|0x000000070e200000, 0x000000070e200000, 0x000000070e400000|  0%| F|  |TAMS 0x000000070e200000, 0x000000070e200000| Untracked 
|  87|0x000000070e400000, 0x000000070e400000, 0x000000070e600000|  0%| F|  |TAMS 0x000000070e400000, 0x000000070e400000| Untracked 
|  88|0x000000070e600000, 0x000000070e600000, 0x000000070e800000|  0%| F|  |TAMS 0x000000070e600000, 0x000000070e600000| Untracked 
|  89|0x000000070e800000, 0x000000070e800000, 0x000000070ea00000|  0%| F|  |TAMS 0x000000070e800000, 0x000000070e800000| Untracked 
|  90|0x000000070ea00000, 0x000000070ea00000, 0x000000070ec00000|  0%| F|  |TAMS 0x000000070ea00000, 0x000000070ea00000| Untracked 
|  91|0x000000070ec00000, 0x000000070ec00000, 0x000000070ee00000|  0%| F|  |TAMS 0x000000070ec00000, 0x000000070ec00000| Untracked 
|  92|0x000000070ee00000, 0x000000070ee00000, 0x000000070f000000|  0%| F|  |TAMS 0x000000070ee00000, 0x000000070ee00000| Untracked 
|  93|0x000000070f000000, 0x000000070f000000, 0x000000070f200000|  0%| F|  |TAMS 0x000000070f000000, 0x000000070f000000| Untracked 
|  94|0x000000070f200000, 0x000000070f200000, 0x000000070f400000|  0%| F|  |TAMS 0x000000070f200000, 0x000000070f200000| Untracked 
|  95|0x000000070f400000, 0x000000070f400000, 0x000000070f600000|  0%| F|  |TAMS 0x000000070f400000, 0x000000070f400000| Untracked 
|  96|0x000000070f600000, 0x000000070f600000, 0x000000070f800000|  0%| F|  |TAMS 0x000000070f600000, 0x000000070f600000| Untracked 
|  97|0x000000070f800000, 0x000000070f800000, 0x000000070fa00000|  0%| F|  |TAMS 0x000000070f800000, 0x000000070f800000| Untracked 
|  98|0x000000070fa00000, 0x000000070fa00000, 0x000000070fc00000|  0%| F|  |TAMS 0x000000070fa00000, 0x000000070fa00000| Untracked 
|  99|0x000000070fc00000, 0x000000070fc00000, 0x000000070fe00000|  0%| F|  |TAMS 0x000000070fc00000, 0x000000070fc00000| Untracked 
| 100|0x000000070fe00000, 0x000000070fe00000, 0x0000000710000000|  0%| F|  |TAMS 0x000000070fe00000, 0x000000070fe00000| Untracked 
| 101|0x0000000710000000, 0x0000000710000000, 0x0000000710200000|  0%| F|  |TAMS 0x0000000710000000, 0x0000000710000000| Untracked 
| 102|0x0000000710200000, 0x0000000710200000, 0x0000000710400000|  0%| F|  |TAMS 0x0000000710200000, 0x0000000710200000| Untracked 
| 103|0x0000000710400000, 0x0000000710400000, 0x0000000710600000|  0%| F|  |TAMS 0x0000000710400000, 0x0000000710400000| Untracked 
| 104|0x0000000710600000, 0x0000000710600000, 0x0000000710800000|  0%| F|  |TAMS 0x0000000710600000, 0x0000000710600000| Untracked 
| 105|0x0000000710800000, 0x0000000710800000, 0x0000000710a00000|  0%| F|  |TAMS 0x0000000710800000, 0x0000000710800000| Untracked 
| 106|0x0000000710a00000, 0x0000000710a00000, 0x0000000710c00000|  0%| F|  |TAMS 0x0000000710a00000, 0x0000000710a00000| Untracked 
| 107|0x0000000710c00000, 0x0000000710c00000, 0x0000000710e00000|  0%| F|  |TAMS 0x0000000710c00000, 0x0000000710c00000| Untracked 
| 108|0x0000000710e00000, 0x0000000710e00000, 0x0000000711000000|  0%| F|  |TAMS 0x0000000710e00000, 0x0000000710e00000| Untracked 
| 109|0x0000000711000000, 0x0000000711000000, 0x0000000711200000|  0%| F|  |TAMS 0x0000000711000000, 0x0000000711000000| Untracked 
| 110|0x0000000711200000, 0x0000000711200000, 0x0000000711400000|  0%| F|  |TAMS 0x0000000711200000, 0x0000000711200000| Untracked 
| 111|0x0000000711400000, 0x0000000711400000, 0x0000000711600000|  0%| F|  |TAMS 0x0000000711400000, 0x0000000711400000| Untracked 
| 112|0x0000000711600000, 0x0000000711600000, 0x0000000711800000|  0%| F|  |TAMS 0x0000000711600000, 0x0000000711600000| Untracked 
| 113|0x0000000711800000, 0x0000000711800000, 0x0000000711a00000|  0%| F|  |TAMS 0x0000000711800000, 0x0000000711800000| Untracked 
| 114|0x0000000711a00000, 0x0000000711a00000, 0x0000000711c00000|  0%| F|  |TAMS 0x0000000711a00000, 0x0000000711a00000| Untracked 
| 115|0x0000000711c00000, 0x0000000711c00000, 0x0000000711e00000|  0%| F|  |TAMS 0x0000000711c00000, 0x0000000711c00000| Untracked 
| 116|0x0000000711e00000, 0x0000000711e00000, 0x0000000712000000|  0%| F|  |TAMS 0x0000000711e00000, 0x0000000711e00000| Untracked 
| 117|0x0000000712000000, 0x0000000712000000, 0x0000000712200000|  0%| F|  |TAMS 0x0000000712000000, 0x0000000712000000| Untracked 
| 118|0x0000000712200000, 0x0000000712200000, 0x0000000712400000|  0%| F|  |TAMS 0x0000000712200000, 0x0000000712200000| Untracked 
| 119|0x0000000712400000, 0x0000000712400000, 0x0000000712600000|  0%| F|  |TAMS 0x0000000712400000, 0x0000000712400000| Untracked 
| 120|0x0000000712600000, 0x0000000712670a70, 0x0000000712800000| 22%| E|  |TAMS 0x0000000712600000, 0x0000000712600000| Complete 
| 121|0x0000000712800000, 0x0000000712a00000, 0x0000000712a00000|100%| E|CS|TAMS 0x0000000712800000, 0x0000000712800000| Complete 
| 122|0x0000000712a00000, 0x0000000712c00000, 0x0000000712c00000|100%| E|CS|TAMS 0x0000000712a00000, 0x0000000712a00000| Complete 
| 123|0x0000000712c00000, 0x0000000712e00000, 0x0000000712e00000|100%| E|  |TAMS 0x0000000712c00000, 0x0000000712c00000| Complete 
| 124|0x0000000712e00000, 0x0000000713000000, 0x0000000713000000|100%| E|CS|TAMS 0x0000000712e00000, 0x0000000712e00000| Complete 
| 125|0x0000000713000000, 0x0000000713200000, 0x0000000713200000|100%| E|CS|TAMS 0x0000000713000000, 0x0000000713000000| Complete 
| 126|0x0000000713200000, 0x0000000713400000, 0x0000000713400000|100%| E|CS|TAMS 0x0000000713200000, 0x0000000713200000| Complete 

Card table byte_map: [0x0000029a2e500000,0x0000029a2ecf0000] _byte_map_base: 0x0000029a2ace5000

Marking Bits (Prev, Next): (CMBitMap*) 0x0000029a2a3731d0, (CMBitMap*) 0x0000029a2a373210
 Prev Bits: [0x0000029a2f4e0000, 0x0000029a33408000)
 Next Bits: [0x0000029a33410000, 0x0000029a37338000)

Polling page: 0x0000029a20460000

Metaspace:

Usage:
  Non-class:      4.28 MB used.
      Class:    496.55 KB used.
       Both:      4.76 MB used.

Virtual space:
  Non-class space:       64.00 MB reserved,       4.31 MB (  7%) committed,  1 nodes.
      Class space:        1.00 GB reserved,     512.00 KB ( <1%) committed,  1 nodes.
             Both:        1.06 GB reserved,       4.81 MB ( <1%) committed. 

Chunk freelists:
   Non-Class:  10.94 MB
       Class:  15.25 MB
        Both:  26.19 MB

MaxMetaspaceSize: unlimited
CompressedClassSpaceSize: 1.00 GB
Initial GC threshold: 21.00 MB
Current GC threshold: 21.00 MB
CDS: on
MetaspaceReclaimPolicy: balanced
 - commit_granule_bytes: 65536.
 - commit_granule_words: 8192.
 - virtual_space_node_default_size: 8388608.
 - enlarge_chunks_in_place: 1.
 - new_chunks_are_fully_committed: 0.
 - uncommit_free_chunks: 1.
 - use_allocation_guard: 0.
 - handle_deallocations: 1.


Internal statistics:

num_allocs_failed_limit: 0.
num_arena_births: 58.
num_arena_deaths: 0.
num_vsnodes_births: 2.
num_vsnodes_deaths: 0.
num_space_committed: 77.
num_space_uncommitted: 0.
num_chunks_returned_to_freelist: 0.
num_chunks_taken_from_freelist: 66.
num_chunk_merges: 0.
num_chunk_splits: 46.
num_chunks_enlarged: 28.
num_inconsistent_stats: 0.

CodeCache: size=49152Kb used=2748Kb max_used=2800Kb free=46403Kb
 bounds [0x0000029a2a490000, 0x0000029a2a750000, 0x0000029a2d490000]
 total_blobs=1057 nmethods=649 adapters=335
 compilation: enabled
              stopped_count=0, restarted_count=0
 full_count=0

Compilation events (20 events):
Event: 7.502 Thread 0x0000029a3a76b120 nmethod 642 0x0000029a2a66b890 code [0x0000029a2a66ba40, 0x0000029a2a66bc48]
Event: 7.502 Thread 0x0000029a3a76b120  644       1       java.util.WeakHashMap::get (75 bytes)
Event: 7.502 Thread 0x0000029a39dd4560 nmethod 643 0x0000029a2a66b510 code [0x0000029a2a66b6a0, 0x0000029a2a66b798]
Event: 7.502 Thread 0x0000029a39dd4560  637       1       javax.management.ImmutableDescriptor::getFieldValue (87 bytes)
Event: 7.503 Thread 0x0000029a3a76b120 nmethod 644 0x0000029a2a66a710 code [0x0000029a2a66a8e0, 0x0000029a2a66abf8]
Event: 7.503 Thread 0x0000029a3a76b120  638       1       javax.management.ImmutableDescriptor::checkIllegalFieldName (18 bytes)
Event: 7.503 Thread 0x0000029a3a76b120 nmethod 638 0x0000029a2a66a110 code [0x0000029a2a66a2c0, 0x0000029a2a66a4b8]
Event: 7.503 Thread 0x0000029a39dd4560 nmethod 637 0x0000029a2a669190 code [0x0000029a2a6693e0, 0x0000029a2a6699c8]
Event: 7.503 Thread 0x0000029a3a76b120  639       1       javax.management.ImmutableDescriptor::fieldIndex (12 bytes)
Event: 7.503 Thread 0x0000029a39dd4560  640       1       java.util.Arrays::binarySearch (10 bytes)
Event: 7.503 Thread 0x0000029a39dd4560 nmethod 640 0x0000029a2a668e10 code [0x0000029a2a668fa0, 0x0000029a2a669088]
Event: 7.503 Thread 0x0000029a3a76b120 nmethod 639 0x0000029a2a668a10 code [0x0000029a2a668ba0, 0x0000029a2a668ca8]
Event: 7.503 Thread 0x0000029a39dd4560  645       1       java.util.LinkedHashMap$LinkedEntryIterator::next (5 bytes)
Event: 7.503 Thread 0x0000029a3a76b120  646       1       java.util.LinkedHashMap$LinkedEntryIterator::next (5 bytes)
Event: 7.503 Thread 0x0000029a39dd4560 nmethod 645 0x0000029a2a668690 code [0x0000029a2a668820, 0x0000029a2a668908]
Event: 7.503 Thread 0x0000029a3a76b120 nmethod 646 0x0000029a2a668390 code [0x0000029a2a668520, 0x0000029a2a668608]
Event: 7.503 Thread 0x0000029a39dd4560  647   !   1       java.lang.reflect.Executable::declaredAnnotations (85 bytes)
Event: 7.503 Thread 0x0000029a39dd4560 nmethod 647 0x0000029a2a667710 code [0x0000029a2a667920, 0x0000029a2a667de8]
Event: 7.504 Thread 0x0000029a39dd4560  649       1       java.lang.Class::reflectionData (43 bytes)
Event: 7.504 Thread 0x0000029a39dd4560 nmethod 649 0x0000029a2a666c90 code [0x0000029a2a666e40, 0x0000029a2a667028]

GC Heap History (0 events):
No events

Dll operation events (10 events):
Event: 0.012 Loaded shared library C:\Users\abdul\.jdks\corretto-17.0.13\bin\java.dll
Event: 0.013 Loaded shared library C:\Users\abdul\.jdks\corretto-17.0.13\bin\zip.dll
Event: 0.026 Loaded shared library C:\Users\abdul\.jdks\corretto-17.0.13\bin\jsvml.dll
Event: 0.126 Loaded shared library C:\Users\abdul\.jdks\corretto-17.0.13\bin\instrument.dll
Event: 0.264 Loaded shared library C:\Users\abdul\.jdks\corretto-17.0.13\bin\jimage.dll
Event: 0.274 Loaded shared library C:\Users\abdul\.jdks\corretto-17.0.13\bin\net.dll
Event: 0.275 Loaded shared library C:\Users\abdul\.jdks\corretto-17.0.13\bin\nio.dll
Event: 0.282 Loaded shared library C:\Users\abdul\.jdks\corretto-17.0.13\bin\zip.dll
Event: 1.378 Loaded shared library C:\Users\abdul\.jdks\corretto-17.0.13\bin\management.dll
Event: 2.396 Loaded shared library C:\Users\abdul\.jdks\corretto-17.0.13\bin\management_ext.dll

Deoptimization events (0 events):
No events

Classes loaded (20 events):
Event: 7.501 Loading class sun/management/VMManagementImpl$1
Event: 7.502 Loading class sun/management/VMManagementImpl$1 done
Event: 7.502 Loading class sun/management/CompilationImpl
Event: 7.502 Loading class java/lang/management/CompilationMXBean
Event: 7.502 Loading class java/lang/management/CompilationMXBean done
Event: 7.502 Loading class sun/management/CompilationImpl done
Event: 7.502 Loading class sun/management/ManagementFactoryHelper$PlatformLoggingImpl
Event: 7.503 Loading class java/lang/management/PlatformLoggingMXBean
Event: 7.503 Loading class java/lang/management/PlatformLoggingMXBean done
Event: 7.503 Loading class sun/management/ManagementFactoryHelper$PlatformLoggingImpl done
Event: 7.503 Loading class java/lang/SecurityException
Event: 7.503 Loading class java/lang/SecurityException done
Event: 7.503 Loading class java/util/logging/LoggingMXBean
Event: 7.503 Loading class java/util/logging/LoggingMXBean done
Event: 7.504 Loading class java/util/logging/LogManager$SystemLoggerContext
Event: 7.504 Loading class java/util/logging/LogManager$SystemLoggerContext done
Event: 7.505 Loading class java/util/logging/LogManager$LoggingProviderAccess
Event: 7.505 Loading class java/util/logging/LogManager$LoggingProviderAccess done
Event: 7.505 Loading class java/util/logging/Logging
Event: 7.505 Loading class java/util/logging/Logging done

Classes unloaded (0 events):
No events

Classes redefined (1 events):
Event: 0.142 Thread 0x0000029a39dab210 redefined class name=java.lang.Throwable, count=1

Internal exceptions (5 events):
Event: 1.376 Thread 0x0000029a2a2fb370 Exception <a 'java/lang/NoSuchMethodError'{0x0000000712b36748}: 'java.lang.Object java.lang.invoke.DirectMethodHandle$Holder.invokeStaticInit(java.lang.Object)'> (0x0000000712b36748) 
thrown [s\src\hotspot\share\interpreter\linkResolver.cpp, line 759]
Event: 4.416 Thread 0x0000029a2a2fb370 Exception <a 'java/lang/NoSuchMethodError'{0x0000000712be7ee8}: 'int java.lang.invoke.DirectMethodHandle$Holder.invokeInterface(java.lang.Object, java.lang.Object)'> (0x0000000712be7ee8) 
thrown [s\src\hotspot\share\interpreter\linkResolver.cpp, line 759]
Event: 4.416 Thread 0x0000029a2a2fb370 Exception <a 'java/lang/IncompatibleClassChangeError'{0x0000000712beb508}: Found class java.lang.Object, but interface was expected> (0x0000000712beb508) 
thrown [s\src\hotspot\share\interpreter\linkResolver.cpp, line 826]
Event: 4.417 Thread 0x0000029a2a2fb370 Exception <a 'java/lang/NoSuchMethodError'{0x0000000712bf1778}: 'void java.lang.invoke.DirectMethodHandle$Holder.invokeStatic(java.lang.Object, java.lang.Object)'> (0x0000000712bf1778) 
thrown [s\src\hotspot\share\interpreter\linkResolver.cpp, line 759]
Event: 7.491 Thread 0x0000029a2a2fb370 Exception <a 'java/lang/NoSuchMethodError'{0x00000007129a7338}: 'int java.lang.invoke.DirectMethodHandle$Holder.invokeSpecial(java.lang.Object, java.lang.Object, java.lang.Object)'> (0x00000007129a7338) 
thrown [s\src\hotspot\share\interpreter\linkResolver.cpp, line 759]

VM Operations (20 events):
Event: 0.078 Executing VM operation: HandshakeAllThreads done
Event: 0.091 Executing VM operation: ChangeBreakpoints
Event: 0.091 Executing VM operation: ChangeBreakpoints done
Event: 0.124 Executing VM operation: ChangeBreakpoints
Event: 0.124 Executing VM operation: ChangeBreakpoints done
Event: 0.125 Executing VM operation: ChangeBreakpoints
Event: 0.125 Executing VM operation: ChangeBreakpoints done
Event: 0.142 Executing VM operation: RedefineClasses
Event: 0.143 Executing VM operation: RedefineClasses done
Event: 0.144 Executing VM operation: get/set locals
Event: 0.144 Executing VM operation: get/set locals done
Event: 0.353 Executing VM operation: HandshakeAllThreads
Event: 0.353 Executing VM operation: HandshakeAllThreads done
Event: 1.360 Executing VM operation: Cleanup
Event: 1.360 Executing VM operation: Cleanup done
Event: 4.420 Executing VM operation: HandshakeAllThreads
Event: 4.420 Executing VM operation: HandshakeAllThreads done
Event: 5.421 Executing VM operation: Cleanup
Event: 6.477 Executing VM operation: Cleanup done
Event: 8.498 Executing VM operation: Cleanup

Memory protections (0 events):
No events

Nmethod flushes (0 events):
No events

Events (19 events):
Event: 0.026 Thread 0x0000029a2a2fb370 Thread added: 0x0000029a2a2fb370
Event: 0.029 Thread 0x0000029a2a2fb370 Thread added: 0x0000029a39db4200
Event: 0.029 Thread 0x0000029a2a2fb370 Thread added: 0x0000029a39db47e0
Event: 0.038 Thread 0x0000029a2a2fb370 Thread added: 0x0000029a39dd11d0
Event: 0.038 Thread 0x0000029a2a2fb370 Thread added: 0x0000029a39dd36c0
Event: 0.038 Thread 0x0000029a2a2fb370 Thread added: 0x0000029a39dd3ba0
Event: 0.038 Thread 0x0000029a2a2fb370 Thread added: 0x0000029a39dd4080
Event: 0.038 Thread 0x0000029a2a2fb370 Thread added: 0x0000029a39dd4560
Event: 0.038 Thread 0x0000029a2a2fb370 Thread added: 0x0000029a39ddaaa0
Event: 0.072 Thread 0x0000029a2a2fb370 Thread added: 0x0000029a39d92830
Event: 0.078 Thread 0x0000029a39dd4560 Thread added: 0x0000029a39edd5f0
Event: 0.079 Thread 0x0000029a39edd5f0 Thread added: 0x0000029a39ee5fc0
Event: 0.090 Thread 0x0000029a2a2fb370 Thread added: 0x0000029a39f43040
Event: 0.090 Thread 0x0000029a2a2fb370 Thread added: 0x0000029a39f47890
Event: 0.091 Thread 0x0000029a39f43040 Thread added: 0x0000029a39f5fed0
Event: 0.147 Thread 0x0000029a2a2fb370 Thread added: 0x0000029a3a1e2a40
Event: 1.362 Thread 0x0000029a39ee5fc0 Thread exited: 0x0000029a39ee5fc0
Event: 4.416 Thread 0x0000029a39edd5f0 Thread exited: 0x0000029a39edd5f0
Event: 4.439 Thread 0x0000029a39dd4560 Thread added: 0x0000029a3a76b120


Dynamic libraries:
0x00007ff62df80000 - 0x00007ff62df8e000 	C:\Users\abdul\.jdks\corretto-17.0.13\bin\java.exe
0x00007ffce38a0000 - 0x00007ffce3b03000 	C:\WINDOWS\SYSTEM32\ntdll.dll
0x00007ffce1f30000 - 0x00007ffce1ff8000 	C:\WINDOWS\System32\KERNEL32.DLL
0x00007ffce0df0000 - 0x00007ffce11a2000 	C:\WINDOWS\System32\KERNELBASE.dll
0x00007ffce0ca0000 - 0x00007ffce0deb000 	C:\WINDOWS\System32\ucrtbase.dll
0x00007ffcd47a0000 - 0x00007ffcd47b7000 	C:\Users\abdul\.jdks\corretto-17.0.13\bin\jli.dll
0x00007ffcd7620000 - 0x00007ffcd763b000 	C:\Users\abdul\.jdks\corretto-17.0.13\bin\VCRUNTIME140.dll
0x00007ffce1870000 - 0x00007ffce1a38000 	C:\WINDOWS\System32\USER32.dll
0x00007ffcba720000 - 0x00007ffcba9b0000 	C:\WINDOWS\WinSxS\amd64_microsoft.windows.common-controls_6595b64144ccf1df_6.0.26100.2454_none_3e0b68a2e331ad60\COMCTL32.dll
0x00007ffce0c70000 - 0x00007ffce0c97000 	C:\WINDOWS\System32\win32u.dll
0x00007ffce1bf0000 - 0x00007ffce1c99000 	C:\WINDOWS\System32\msvcrt.dll
0x00007ffce1ca0000 - 0x00007ffce1cca000 	C:\WINDOWS\System32\GDI32.dll
0x00007ffce11b0000 - 0x00007ffce12db000 	C:\WINDOWS\System32\gdi32full.dll
0x00007ffce1650000 - 0x00007ffce16f3000 	C:\WINDOWS\System32\msvcp_win.dll
0x00007ffce1bb0000 - 0x00007ffce1bdf000 	C:\WINDOWS\System32\IMM32.DLL
0x00007ffcd7eb0000 - 0x00007ffcd7ebc000 	C:\Users\abdul\.jdks\corretto-17.0.13\bin\vcruntime140_1.dll
0x00007ffcc0260000 - 0x00007ffcc02ed000 	C:\Users\abdul\.jdks\corretto-17.0.13\bin\msvcp140.dll
0x00007ffc8ac80000 - 0x00007ffc8b8ec000 	C:\Users\abdul\.jdks\corretto-17.0.13\bin\server\jvm.dll
0x00007ffce1cd0000 - 0x00007ffce1d84000 	C:\WINDOWS\System32\ADVAPI32.dll
0x00007ffce37b0000 - 0x00007ffce3856000 	C:\WINDOWS\System32\sechost.dll
0x00007ffce2140000 - 0x00007ffce2256000 	C:\WINDOWS\System32\RPCRT4.dll
0x00007ffce2000000 - 0x00007ffce2074000 	C:\WINDOWS\System32\WS2_32.dll
0x00007ffce03b0000 - 0x00007ffce03fe000 	C:\WINDOWS\SYSTEM32\POWRPROF.dll
0x00007ffcd1880000 - 0x00007ffcd18b6000 	C:\WINDOWS\SYSTEM32\WINMM.dll
0x00007ffccc500000 - 0x00007ffccc50b000 	C:\WINDOWS\SYSTEM32\VERSION.dll
0x00007ffce0390000 - 0x00007ffce03a4000 	C:\WINDOWS\SYSTEM32\UMPDC.dll
0x00007ffcdfa70000 - 0x00007ffcdfa8a000 	C:\WINDOWS\SYSTEM32\kernel.appcore.dll
0x00007ffcd7e60000 - 0x00007ffcd7e6a000 	C:\Users\abdul\.jdks\corretto-17.0.13\bin\jimage.dll
0x00007ffcddc50000 - 0x00007ffcdde91000 	C:\WINDOWS\SYSTEM32\DBGHELP.DLL
0x00007ffce2ad0000 - 0x00007ffce2e4e000 	C:\WINDOWS\System32\combase.dll
0x00007ffce2e60000 - 0x00007ffce2f36000 	C:\WINDOWS\System32\OLEAUT32.dll
0x00007ffcc2e50000 - 0x00007ffcc2e89000 	C:\WINDOWS\SYSTEM32\dbgcore.DLL
0x00007ffce1370000 - 0x00007ffce1409000 	C:\WINDOWS\System32\bcryptPrimitives.dll
0x00007ffcd7c30000 - 0x00007ffcd7c6b000 	C:\Users\abdul\.jdks\corretto-17.0.13\bin\jdwp.dll
0x00007ffc8aa70000 - 0x00007ffc8ac7e000 	C:\Users\abdul\AppData\Local\Temp\idea_libasyncProfiler_dll_temp_folder4532\libasyncProfiler.dll
0x00007ffcd92e0000 - 0x00007ffcd92ee000 	C:\Users\abdul\.jdks\corretto-17.0.13\bin\instrument.dll
0x00007ffcc03a0000 - 0x00007ffcc03c5000 	C:\Users\abdul\.jdks\corretto-17.0.13\bin\java.dll
0x00007ffcc2e90000 - 0x00007ffcc2ea8000 	C:\Users\abdul\.jdks\corretto-17.0.13\bin\zip.dll
0x00007ffcb96a0000 - 0x00007ffcb9777000 	C:\Users\abdul\.jdks\corretto-17.0.13\bin\jsvml.dll
0x00007ffce2f40000 - 0x00007ffce3640000 	C:\WINDOWS\System32\SHELL32.dll
0x00007ffcde940000 - 0x00007ffcdf171000 	C:\WINDOWS\SYSTEM32\windows.storage.dll
0x00007ffce2450000 - 0x00007ffce252a000 	C:\WINDOWS\System32\SHCORE.dll
0x00007ffce1710000 - 0x00007ffce176d000 	C:\WINDOWS\System32\shlwapi.dll
0x00007ffce0b80000 - 0x00007ffce0bae000 	C:\WINDOWS\SYSTEM32\profapi.dll
0x00007ffcd79f0000 - 0x00007ffcd79fc000 	C:\Users\abdul\.jdks\corretto-17.0.13\bin\dt_socket.dll
0x00007ffcdf540000 - 0x00007ffcdf572000 	C:\WINDOWS\SYSTEM32\IPHLPAPI.DLL
0x00007ffcdff50000 - 0x00007ffcdffb8000 	C:\WINDOWS\system32\mswsock.dll
0x00007ffccb860000 - 0x00007ffccb879000 	C:\Users\abdul\.jdks\corretto-17.0.13\bin\net.dll
0x00007ffcd9f70000 - 0x00007ffcda096000 	C:\WINDOWS\SYSTEM32\WINHTTP.dll
0x00007ffcc3530000 - 0x00007ffcc3546000 	C:\Users\abdul\.jdks\corretto-17.0.13\bin\nio.dll
0x00007ffcdf580000 - 0x00007ffcdf6a5000 	C:\WINDOWS\SYSTEM32\DNSAPI.dll
0x00007ffce1860000 - 0x00007ffce186a000 	C:\WINDOWS\System32\NSI.dll
0x00007ffcd9360000 - 0x00007ffcd936b000 	C:\Windows\System32\rasadhlp.dll
0x00007ffcda1a0000 - 0x00007ffcda225000 	C:\WINDOWS\System32\fwpuclnt.dll
0x00007ffcd79e0000 - 0x00007ffcd79e9000 	C:\Users\abdul\.jdks\corretto-17.0.13\bin\management.dll
0x00007ffcc6610000 - 0x00007ffcc661b000 	C:\Users\abdul\.jdks\corretto-17.0.13\bin\management_ext.dll
0x00007ffce2130000 - 0x00007ffce2138000 	C:\WINDOWS\System32\PSAPI.DLL

dbghelp: loaded successfully - version: 4.0.5 - missing functions: none
symbol engine: initialized successfully - sym options: 0x614 - pdb path: .;C:\Users\abdul\.jdks\corretto-17.0.13\bin;C:\WINDOWS\SYSTEM32;C:\WINDOWS\WinSxS\amd64_microsoft.windows.common-controls_6595b64144ccf1df_6.0.26100.2454_none_3e0b68a2e331ad60;C:\Users\abdul\.jdks\corretto-17.0.13\bin\server;C:\Users\abdul\AppData\Local\Temp\idea_libasyncProfiler_dll_temp_folder4532

VM Arguments:
jvm_args: -agentlib:jdwp=transport=dt_socket,address=127.0.0.1:52089,suspend=y,server=n -agentpath:C:\Users\abdul\AppData\Local\Temp\idea_libasyncProfiler_dll_temp_folder4532\libasyncProfiler.dll=version,jfr,event=wall,interval=10ms,cstack=no,file=C:\Users\abdul\IdeaSnapshots\DemoApplication_2024_12_21_140628.jfr,dbghelppath=C:\Users\abdul\AppData\Local\Temp\idea_dbghelp_dll_temp_folder8\dbghelp.dll,log=C:\Users\abdul\AppData\Local\Temp\DemoApplication_2024_12_21_140628.jfr.log.txt,logLevel=DEBUG -XX:TieredStopAtLevel=1 -Dspring.output.ansi.enabled=always -Dcom.sun.management.jmxremote -Dspring.jmx.enabled=true -Dspring.liveBeansView.mbeanDomain -Dspring.application.admin.enabled=true -Dmanagement.endpoints.jmx.exposure.include=* -javaagent:C:\Users\abdul\AppData\Local\JetBrains\IntelliJIdea2024.3\captureAgent\debugger-agent.jar -Dkotlinx.coroutines.debug.enable.creation.stack.trace=false -Ddebugger.agent.enable.coroutines=true -Dkotlinx.coroutines.debug.enable.flows.stack.trace=true -Dkotlinx.coroutines.debug.enable.mutable.state.flows.stack.trace=true -Dfile.encoding=UTF-8 
java_command: com.example.demo.DemoApplication
java_class_path (initial): C:\odev\demo\demo\target\classes;C:\Users\abdul\.m2\repository\org\springframework\boot\spring-boot-starter-validation\3.4.1\spring-boot-starter-validation-3.4.1.jar;C:\Users\abdul\.m2\repository\org\springframework\boot\spring-boot-starter\3.4.1\spring-boot-starter-3.4.1.jar;C:\Users\abdul\.m2\repository\org\springframework\boot\spring-boot-starter-logging\3.4.1\spring-boot-starter-logging-3.4.1.jar;C:\Users\abdul\.m2\repository\ch\qos\logback\logback-classic\1.5.12\logback-classic-1.5.12.jar;C:\Users\abdul\.m2\repository\ch\qos\logback\logback-core\1.5.12\logback-core-1.5.12.jar;C:\Users\abdul\.m2\repository\org\apache\logging\log4j\log4j-to-slf4j\2.24.3\log4j-to-slf4j-2.24.3.jar;C:\Users\abdul\.m2\repository\org\apache\logging\log4j\log4j-api\2.24.3\log4j-api-2.24.3.jar;C:\Users\abdul\.m2\repository\org\slf4j\jul-to-slf4j\2.0.16\jul-to-slf4j-2.0.16.jar;C:\Users\abdul\.m2\repository\jakarta\annotation\jakarta.annotation-api\2.1.1\jakarta.annotation-api-2.1.1.jar;C:\Users\abdul\.m2\repository\org\yaml\snakeyaml\2.3\snakeyaml-2.3.jar;C:\Users\abdul\.m2\repository\org\apache\tomcat\embed\tomcat-embed-el\10.1.34\tomcat-embed-el-10.1.34.jar;C:\Users\abdul\.m2\repository\org\hibernate\validator\hibernate-validator\8.0.2.Final\hibernate-validator-8.0.2.Final.jar;C:\Users\abdul\.m2\repository\jakarta\validation\jakarta.validation-api\3.0.2\jakarta.validation-api-3.0.2.jar;C:\Users\abdul\.m2\repository\org\jboss\logging\jboss-logging\3.6.1.Final\jboss-logging-3.6.1.Final.jar;C:\Users\abdul\.m2\repository\org\springframework\boot\spring-boot-starter-web\3.4.1\spring-boot-starter-web-3.4.1.jar;C:\Users\abdul\.m2\repository\org\springframework\boot\spring-boot-starter-json\3.4.1\spring-boot-starter-json-3.4.1.jar;C:\Users\abdul\.m2\repository\com\fasterxml\jackson\core\jackson-databind\2.18.2\jackson-databind-2.18.2.jar;C:\Users\abdul\.m2\repository\com\fasterxml\jackson\core\jackson-core\2.18.2\jackson-core-2.18.2.jar;C:\Users\abdul\.m2\repositor
Launcher Type: SUN_STANDARD

[Global flags]
     intx CICompilerCount                          = 4                                         {product} {ergonomic}
     uint ConcGCThreads                            = 2                                         {product} {ergonomic}
     uint G1ConcRefinementThreads                  = 8                                         {product} {ergonomic}
   size_t G1HeapRegionSize                         = 2097152                                   {product} {ergonomic}
    uintx GCDrainStackTargetSize                   = 64                                        {product} {ergonomic}
   size_t InitialHeapSize                          = 266338304                                 {product} {ergonomic}
     bool ManagementServer                         = true                                      {product} {command line}
   size_t MarkStackSize                            = 4194304                                   {product} {ergonomic}
   size_t MaxHeapSize                              = 4238344192                                {product} {ergonomic}
   size_t MaxNewSize                               = 2541748224                                {product} {ergonomic}
   size_t MinHeapDeltaBytes                        = 2097152                                   {product} {ergonomic}
   size_t MinHeapSize                              = 8388608                                   {product} {ergonomic}
    uintx NonProfiledCodeHeapSize                  = 0                                      {pd product} {ergonomic}
     bool ProfileInterpreter                       = false                                  {pd product} {command line}
    uintx ProfiledCodeHeapSize                     = 0                                      {pd product} {ergonomic}
   size_t SoftMaxHeapSize                          = 4238344192                             {manageable} {ergonomic}
     intx TieredStopAtLevel                        = 1                                         {product} {command line}
     bool UseCompressedClassPointers               = true                           {product lp64_product} {ergonomic}
     bool UseCompressedOops                        = true                           {product lp64_product} {ergonomic}
     bool UseG1GC                                  = true                                      {product} {ergonomic}
     bool UseLargePagesIndividualAllocation        = false                                  {pd product} {ergonomic}

Logging:
Log output configuration:
 #0: stdout all=warning uptime,level,tags
 #1: stderr all=off uptime,level,tags

Environment Variables:
JAVA_HOME=C:\Program Files\Common Files\Oracle\Java\javapath\java.exe
PATH=C:\Program Files\Common Files\Oracle\Java\javapath;C:\WINDOWS\system32;C:\WINDOWS;C:\WINDOWS\System32\Wbem;C:\WINDOWS\System32\WindowsPowerShell\v1.0\;C:\WINDOWS\System32\OpenSSH\;C:\Program Files (x86)\Microsoft SQL Server\160\Tools\Binn\;C:\Program Files\Microsoft SQL Server\160\Tools\Binn\;C:\Program Files\Microsoft SQL Server\Client SDK\ODBC\170\Tools\Binn\;C:\Program Files\Microsoft SQL Server\160\DTS\Binn\;C:\Program Files (x86)\Microsoft SQL Server\160\DTS\Binn\;C:\Program Files\Git\cmd;C:\Program Files\Docker\Docker\resources\bin;C:\Users\abdul\AppData\Local\Microsoft\WindowsApps;C:\Users\abdul\AppData\Local\Programs\Microsoft VS Code\bin;C:\Users\abdul\AppData\Local\GitHubDesktop\bin
USERNAME=abdul
OS=Windows_NT
PROCESSOR_IDENTIFIER=Intel64 Family 6 Model 140 Stepping 2, GenuineIntel
TMP=C:\Users\abdul\AppData\Local\Temp
TEMP=C:\Users\abdul\AppData\Local\Temp



Periodic native trim disabled


---------------  S Y S T E M  ---------------

OS:
 Windows 11 , 64 bit Build 26100 (10.0.26100.2454)
OS uptime: 0 days 0:21 hours
Hyper-V role detected

CPU: total 8 (initial active 8) (4 cores per cpu, 2 threads per core) family 6 model 140 stepping 2 microcode 0x26, cx8, cmov, fxsr, ht, mmx, 3dnowpref, sse, sse2, sse3, ssse3, sse4.1, sse4.2, popcnt, lzcnt, tsc, tscinvbit, avx, avx2, aes, erms, clmul, bmi1, bmi2, adx, avx512f, avx512dq, avx512cd, avx512bw, avx512vl, sha, fma, vzeroupper, avx512_vpopcntdq, avx512_vpclmulqdq, avx512_vaes, avx512_vnni, clflush, clflushopt, clwb, avx512_vbmi2, avx512_vbmi, hv
Processor Information for all 8 processors :
  Max Mhz: 3187, Current Mhz: 3187, Mhz Limit: 3187

Memory: 4k page, system-wide physical 16167M (3863M free)
TotalPageFile size 16167M (AvailPageFile size 355M)
current process WorkingSet (physical memory assigned to process): 61M, peak: 61M
current process commit charge ("private bytes"): 360M, peak: 360M

vm_info: OpenJDK 64-Bit Server VM (17.0.13+11-LTS) for windows-amd64 JRE (17.0.13+11-LTS), built on Oct 10 2024 19:51:30 by "Administrator" with MS VC++ 16.10 / 16.11 (VS2019)

END.
