#
# There is insufficient memory for the Java Runtime Environment to continue.
# Native memory allocation (malloc) failed to allocate 2451696 bytes. Error detail: Chunk::new
# Possible reasons:
#   The system is out of physical RAM or swap space
#   This process is running with CompressedOops enabled, and the Java Heap may be blocking the growth of the native heap
# Possible solutions:
#   Reduce memory load on the system
#   Increase physical memory or swap space
#   Check if swap backing store is full
#   Decrease Java heap size (-Xmx/-Xms)
#   Decrease number of Java threads
#   Decrease Java thread stack sizes (-Xss)
#   Set larger code cache with -XX:ReservedCodeCacheSize=
#   JVM is running with Unscaled Compressed Oops mode in which the Java heap is
#     placed in the first 4GB address space. The Java Heap base address is the
#     maximum limit for the native heap growth. Please use -XX:HeapBaseMinAddress
#     to set the Java Heap base and to place the Java Heap above 4GB virtual address.
# This output file may be truncated or incomplete.
#
#  Out of Memory Error (arena.cpp:168), pid=17988, tid=14024
#
# JRE version: OpenJDK Runtime Environment JBR-21.0.5+8-631.28-jcef (21.0.5+8) (build 21.0.5+8-b631.28)
# Java VM: OpenJDK 64-Bit Server VM JBR-21.0.5+8-631.28-jcef (21.0.5+8-b631.28, mixed mode, sharing, tiered, compressed oops, compressed class ptrs, g1 gc, windows-amd64)
# No core dump will be written. Minidumps are not enabled by default on client versions of Windows
#

---------------  S U M M A R Y ------------

Command Line: -Djava.rmi.server.hostname=127.0.0.1 -Duser.timezone=UTC -Xmx2048m -Xms128m -Djdbc.classpath=C:\Users\abdul\AppData\Local\Temp\RemoteDriver7.classpath.txt --add-exports=java.desktop/sun.awt=ALL-UNNAMED --add-exports=java.desktop/java.awt.peer=ALL-UNNAMED --add-opens=java.desktop/java.awt=ALL-UNNAMED --add-opens=jdk.unsupported/sun.misc=ALL-UNNAMED --add-opens=java.base/java.nio=ALL-UNNAMED --add-opens=java.base/java.util=ALL-UNNAMED -Dfile.encoding=UTF-8 -Dsun.stdout.encoding=UTF-8 -Dsun.stderr.encoding=UTF-8 com.intellij.database.remote.RemoteJdbcServer org.postgresql.Driver

Host: 11th Gen Intel(R) Core(TM) i5-11320H @ 3.20GHz, 8 cores, 15G,  Windows 11 , 64 bit Build 26100 (10.0.26100.2454)
Time: Sat Dec 21 14:33:31 2024 Türkiye Standart Saati elapsed time: 3.931541 seconds (0d 0h 0m 3s)

---------------  T H R E A D  ---------------

Current thread (0x0000017975114dd0):  JavaThread "C2 CompilerThread0" daemon [_thread_in_native, id=14024, stack(0x0000002c77a00000,0x0000002c77b00000) (1024K)]


Current CompileTask:
C2:3931 2010   !   4       com.sun.crypto.provider.PBKDF2KeyImpl::deriveKey (302 bytes)

Stack: [0x0000002c77a00000,0x0000002c77b00000]
Native frames: (J=compiled Java code, j=interpreted, Vv=VM code, C=native code)
V  [jvm.dll+0x6e52b9]
V  [jvm.dll+0x8c3633]
V  [jvm.dll+0x8c5b8e]
V  [jvm.dll+0x8c6273]
V  [jvm.dll+0x288f46]
V  [jvm.dll+0xc66dd]
V  [jvm.dll+0xc6c13]
V  [jvm.dll+0x3c456b]
V  [jvm.dll+0x1e63d2]
V  [jvm.dll+0x2508f4]
V  [jvm.dll+0x24fd71]
V  [jvm.dll+0x1cd6a4]
V  [jvm.dll+0x25f5dc]
V  [jvm.dll+0x25db26]
V  [jvm.dll+0x3ff5e6]
V  [jvm.dll+0x86b248]
V  [jvm.dll+0x6e3abd]
C  [ucrtbase.dll+0x14ea0]
C  [KERNEL32.DLL+0x2e8d7]
C  [ntdll.dll+0xdfbcc]


---------------  P R O C E S S  ---------------

Threads class SMR info:
_java_thread_list=0x000001797b370810, length=23, elements={
0x000001795cbfede0, 0x00000179750f8c20, 0x00000179750fa390, 0x00000179750ff010,
0x0000017975102030, 0x0000017975104c60, 0x0000017975107fd0, 0x0000017975114dd0,
0x000001797511ac50, 0x00000179754949d0, 0x00000179754a1460, 0x00000179758f21c0,
0x00000179756a4f60, 0x000001797598a150, 0x00000179758d0480, 0x00000179758349e0,
0x0000017975677dc0, 0x0000017975ca73c0, 0x0000017975af1450, 0x0000017975ca0860,
0x0000017975ca01d0, 0x0000017975c9e790, 0x000001797511b9f0
}

Java Threads: ( => current thread )
  0x000001795cbfede0 JavaThread "main"                              [_thread_blocked, id=10036, stack(0x0000002c76c00000,0x0000002c76d00000) (1024K)]
  0x00000179750f8c20 JavaThread "Reference Handler"          daemon [_thread_blocked, id=3064, stack(0x0000002c77400000,0x0000002c77500000) (1024K)]
  0x00000179750fa390 JavaThread "Finalizer"                  daemon [_thread_blocked, id=4548, stack(0x0000002c77500000,0x0000002c77600000) (1024K)]
  0x00000179750ff010 JavaThread "Signal Dispatcher"          daemon [_thread_blocked, id=3288, stack(0x0000002c77600000,0x0000002c77700000) (1024K)]
  0x0000017975102030 JavaThread "Attach Listener"            daemon [_thread_blocked, id=17300, stack(0x0000002c77700000,0x0000002c77800000) (1024K)]
  0x0000017975104c60 JavaThread "Service Thread"             daemon [_thread_blocked, id=21488, stack(0x0000002c77800000,0x0000002c77900000) (1024K)]
  0x0000017975107fd0 JavaThread "Monitor Deflation Thread"   daemon [_thread_blocked, id=15224, stack(0x0000002c77900000,0x0000002c77a00000) (1024K)]
=>0x0000017975114dd0 JavaThread "C2 CompilerThread0"         daemon [_thread_in_native, id=14024, stack(0x0000002c77a00000,0x0000002c77b00000) (1024K)]
  0x000001797511ac50 JavaThread "C1 CompilerThread0"         daemon [_thread_blocked, id=5076, stack(0x0000002c77b00000,0x0000002c77c00000) (1024K)]
  0x00000179754949d0 JavaThread "Common-Cleaner"             daemon [_thread_blocked, id=2656, stack(0x0000002c77c00000,0x0000002c77d00000) (1024K)]
  0x00000179754a1460 JavaThread "Notification Thread"        daemon [_thread_blocked, id=13276, stack(0x0000002c77d00000,0x0000002c77e00000) (1024K)]
  0x00000179758f21c0 JavaThread "RMI TCP Accept-34400"       daemon [_thread_in_native, id=22024, stack(0x0000002c77f00000,0x0000002c78000000) (1024K)]
  0x00000179756a4f60 JavaThread "RMI TCP Accept-0"           daemon [_thread_in_native, id=4468, stack(0x0000002c78000000,0x0000002c78100000) (1024K)]
  0x000001797598a150 JavaThread "RMI Reaper"                        [_thread_blocked, id=9020, stack(0x0000002c78100000,0x0000002c78200000) (1024K)]
  0x00000179758d0480 JavaThread "RMI GC Daemon"              daemon [_thread_blocked, id=7448, stack(0x0000002c78200000,0x0000002c78300000) (1024K)]
  0x00000179758349e0 JavaThread "RMI TCP Connection(1)-127.0.0.1" daemon [_thread_in_native, id=9712, stack(0x0000002c78300000,0x0000002c78400000) (1024K)]
  0x0000017975677dc0 JavaThread "RMI TCP Connection(2)-127.0.0.1" daemon [_thread_in_native, id=8220, stack(0x0000002c78400000,0x0000002c78500000) (1024K)]
  0x0000017975ca73c0 JavaThread "RMI Scheduler(0)"           daemon [_thread_blocked, id=16836, stack(0x0000002c78500000,0x0000002c78600000) (1024K)]
  0x0000017975af1450 JavaThread "RMI TCP Connection(3)-127.0.0.1" daemon [_thread_in_native, id=13428, stack(0x0000002c78600000,0x0000002c78700000) (1024K)]
  0x0000017975ca0860 JavaThread "RMI TCP Connection(4)-127.0.0.1" daemon [_thread_in_native, id=18240, stack(0x0000002c78700000,0x0000002c78800000) (1024K)]
  0x0000017975ca01d0 JavaThread "RMI RenewClean-[127.0.0.1:54376]" daemon [_thread_blocked, id=628, stack(0x0000002c78800000,0x0000002c78900000) (1024K)]
  0x0000017975c9e790 JavaThread "PostgreSQL-JDBC-Cleaner"    daemon [_thread_blocked, id=4764, stack(0x0000002c79100000,0x0000002c79200000) (1024K)]
  0x000001797511b9f0 JavaThread "C2 CompilerThread1"         daemon [_thread_in_native, id=696, stack(0x0000002c79000000,0x0000002c79100000) (1024K)]
Total: 23

Other Threads:
  0x00000179750d5eb0 VMThread "VM Thread"                           [id=1292, stack(0x0000002c77300000,0x0000002c77400000) (1024K)]
  0x00000179750c6130 WatcherThread "VM Periodic Task Thread"        [id=2896, stack(0x0000002c77200000,0x0000002c77300000) (1024K)]
  0x000001795cc55900 WorkerThread "GC Thread#0"                     [id=14016, stack(0x0000002c76d00000,0x0000002c76e00000) (1024K)]
  0x00000179757ce690 WorkerThread "GC Thread#1"                     [id=6296, stack(0x0000002c77e00000,0x0000002c77f00000) (1024K)]
  0x00000179757d8be0 WorkerThread "GC Thread#2"                     [id=11580, stack(0x0000002c78900000,0x0000002c78a00000) (1024K)]
  0x0000017975d82690 WorkerThread "GC Thread#3"                     [id=7484, stack(0x0000002c78a00000,0x0000002c78b00000) (1024K)]
  0x000001797582d1e0 WorkerThread "GC Thread#4"                     [id=8616, stack(0x0000002c78b00000,0x0000002c78c00000) (1024K)]
  0x0000017975dbf000 WorkerThread "GC Thread#5"                     [id=15376, stack(0x0000002c78c00000,0x0000002c78d00000) (1024K)]
  0x0000017975dbf3a0 WorkerThread "GC Thread#6"                     [id=2488, stack(0x0000002c78d00000,0x0000002c78e00000) (1024K)]
  0x0000017975dbf740 WorkerThread "GC Thread#7"                     [id=6928, stack(0x0000002c78e00000,0x0000002c78f00000) (1024K)]
  0x000001795cc667f0 ConcurrentGCThread "G1 Main Marker"            [id=2628, stack(0x0000002c76e00000,0x0000002c76f00000) (1024K)]
  0x000001795cc68080 WorkerThread "G1 Conc#0"                       [id=8328, stack(0x0000002c76f00000,0x0000002c77000000) (1024K)]
  0x000001795ccbeaf0 ConcurrentGCThread "G1 Refine#0"               [id=5116, stack(0x0000002c77000000,0x0000002c77100000) (1024K)]
  0x0000017974f89800 ConcurrentGCThread "G1 Service"                [id=4752, stack(0x0000002c77100000,0x0000002c77200000) (1024K)]
Total: 14

Threads with active compile tasks:
C2 CompilerThread0  3941 2010   !   4       com.sun.crypto.provider.PBKDF2KeyImpl::deriveKey (302 bytes)
C2 CompilerThread1  3941 2211       4       java.lang.invoke.MethodType::makeImpl (109 bytes)
Total: 2

VM state: not at safepoint (normal execution)

VM Mutex/Monitor currently owned by a thread: None

Heap address: 0x0000000080000000, size: 2048 MB, Compressed Oops mode: 32-bit

CDS archive(s) mapped at: [0x0000017900000000-0x0000017900d00000-0x0000017900d00000), size 13631488, SharedBaseAddress: 0x0000017900000000, ArchiveRelocationMode: 1.
Compressed class space mapped at: 0x0000017901000000-0x0000017941000000, reserved size: 1073741824
Narrow klass base: 0x0000017900000000, Narrow klass shift: 0, Narrow klass range: 0x100000000

GC Precious Log:
 CardTable entry size: 512
 Card Set container configuration: InlinePtr #cards 5 size 8 Array Of Cards #cards 12 size 40 Howl #buckets 4 coarsen threshold 1843 Howl Bitmap #cards 512 size 80 coarsen threshold 460 Card regions per heap region 1 cards per card region 2048
 CPUs: 8 total, 8 available
 Memory: 16167M
 Large Page Support: Disabled
 NUMA Support: Disabled
 Compressed Oops: Enabled (32-bit)
 Heap Region Size: 1M
 Heap Min Capacity: 128M
 Heap Initial Capacity: 128M
 Heap Max Capacity: 2G
 Pre-touch: Disabled
 Parallel Workers: 8
 Concurrent Workers: 2
 Concurrent Refinement Workers: 8
 Periodic GC: Disabled

Heap:
 garbage-first heap   total 131072K, used 26624K [0x0000000080000000, 0x0000000100000000)
  region size 1024K, 21 young (21504K), 3 survivors (3072K)
 Metaspace       used 12714K, committed 13248K, reserved 1114112K
  class space    used 1488K, committed 1728K, reserved 1048576K

Heap Regions: E=young(eden), S=young(survivor), O=old, HS=humongous(starts), HC=humongous(continues), CS=collection set, F=free, TAMS=top-at-mark-start, PB=parsable bottom
|   0|0x0000000080000000, 0x0000000080100000, 0x0000000080100000|100%|HS|  |TAMS 0x0000000080000000| PB 0x0000000080000000| Complete 
|   1|0x0000000080100000, 0x0000000080200000, 0x0000000080200000|100%|HC|  |TAMS 0x0000000080100000| PB 0x0000000080100000| Complete 
|   2|0x0000000080200000, 0x0000000080300000, 0x0000000080300000|100%|HS|  |TAMS 0x0000000080200000| PB 0x0000000080200000| Complete 
|   3|0x0000000080300000, 0x0000000080400000, 0x0000000080400000|100%|HS|  |TAMS 0x0000000080300000| PB 0x0000000080300000| Complete 
|   4|0x0000000080400000, 0x0000000080500000, 0x0000000080500000|100%| O|  |TAMS 0x0000000080400000| PB 0x0000000080400000| Untracked 
|   5|0x0000000080500000, 0x0000000080600000, 0x0000000080600000|100%| O|  |TAMS 0x0000000080500000| PB 0x0000000080500000| Untracked 
|   6|0x0000000080600000, 0x0000000080600000, 0x0000000080700000|  0%| F|  |TAMS 0x0000000080600000| PB 0x0000000080600000| Untracked 
|   7|0x0000000080700000, 0x0000000080700000, 0x0000000080800000|  0%| F|  |TAMS 0x0000000080700000| PB 0x0000000080700000| Untracked 
|   8|0x0000000080800000, 0x0000000080800000, 0x0000000080900000|  0%| F|  |TAMS 0x0000000080800000| PB 0x0000000080800000| Untracked 
|   9|0x0000000080900000, 0x0000000080900000, 0x0000000080a00000|  0%| F|  |TAMS 0x0000000080900000| PB 0x0000000080900000| Untracked 
|  10|0x0000000080a00000, 0x0000000080a00000, 0x0000000080b00000|  0%| F|  |TAMS 0x0000000080a00000| PB 0x0000000080a00000| Untracked 
|  11|0x0000000080b00000, 0x0000000080b00000, 0x0000000080c00000|  0%| F|  |TAMS 0x0000000080b00000| PB 0x0000000080b00000| Untracked 
|  12|0x0000000080c00000, 0x0000000080c00000, 0x0000000080d00000|  0%| F|  |TAMS 0x0000000080c00000| PB 0x0000000080c00000| Untracked 
|  13|0x0000000080d00000, 0x0000000080d00000, 0x0000000080e00000|  0%| F|  |TAMS 0x0000000080d00000| PB 0x0000000080d00000| Untracked 
|  14|0x0000000080e00000, 0x0000000080e00000, 0x0000000080f00000|  0%| F|  |TAMS 0x0000000080e00000| PB 0x0000000080e00000| Untracked 
|  15|0x0000000080f00000, 0x0000000080f00000, 0x0000000081000000|  0%| F|  |TAMS 0x0000000080f00000| PB 0x0000000080f00000| Untracked 
|  16|0x0000000081000000, 0x0000000081000000, 0x0000000081100000|  0%| F|  |TAMS 0x0000000081000000| PB 0x0000000081000000| Untracked 
|  17|0x0000000081100000, 0x0000000081100000, 0x0000000081200000|  0%| F|  |TAMS 0x0000000081100000| PB 0x0000000081100000| Untracked 
|  18|0x0000000081200000, 0x0000000081200000, 0x0000000081300000|  0%| F|  |TAMS 0x0000000081200000| PB 0x0000000081200000| Untracked 
|  19|0x0000000081300000, 0x0000000081300000, 0x0000000081400000|  0%| F|  |TAMS 0x0000000081300000| PB 0x0000000081300000| Untracked 
|  20|0x0000000081400000, 0x0000000081400000, 0x0000000081500000|  0%| F|  |TAMS 0x0000000081400000| PB 0x0000000081400000| Untracked 
|  21|0x0000000081500000, 0x0000000081500000, 0x0000000081600000|  0%| F|  |TAMS 0x0000000081500000| PB 0x0000000081500000| Untracked 
|  22|0x0000000081600000, 0x0000000081600000, 0x0000000081700000|  0%| F|  |TAMS 0x0000000081600000| PB 0x0000000081600000| Untracked 
|  23|0x0000000081700000, 0x0000000081700000, 0x0000000081800000|  0%| F|  |TAMS 0x0000000081700000| PB 0x0000000081700000| Untracked 
|  24|0x0000000081800000, 0x0000000081800000, 0x0000000081900000|  0%| F|  |TAMS 0x0000000081800000| PB 0x0000000081800000| Untracked 
|  25|0x0000000081900000, 0x0000000081900000, 0x0000000081a00000|  0%| F|  |TAMS 0x0000000081900000| PB 0x0000000081900000| Untracked 
|  26|0x0000000081a00000, 0x0000000081a00000, 0x0000000081b00000|  0%| F|  |TAMS 0x0000000081a00000| PB 0x0000000081a00000| Untracked 
|  27|0x0000000081b00000, 0x0000000081b00000, 0x0000000081c00000|  0%| F|  |TAMS 0x0000000081b00000| PB 0x0000000081b00000| Untracked 
|  28|0x0000000081c00000, 0x0000000081c00000, 0x0000000081d00000|  0%| F|  |TAMS 0x0000000081c00000| PB 0x0000000081c00000| Untracked 
|  29|0x0000000081d00000, 0x0000000081d00000, 0x0000000081e00000|  0%| F|  |TAMS 0x0000000081d00000| PB 0x0000000081d00000| Untracked 
|  30|0x0000000081e00000, 0x0000000081e00000, 0x0000000081f00000|  0%| F|  |TAMS 0x0000000081e00000| PB 0x0000000081e00000| Untracked 
|  31|0x0000000081f00000, 0x0000000081f00000, 0x0000000082000000|  0%| F|  |TAMS 0x0000000081f00000| PB 0x0000000081f00000| Untracked 
|  32|0x0000000082000000, 0x0000000082000000, 0x0000000082100000|  0%| F|  |TAMS 0x0000000082000000| PB 0x0000000082000000| Untracked 
|  33|0x0000000082100000, 0x0000000082100000, 0x0000000082200000|  0%| F|  |TAMS 0x0000000082100000| PB 0x0000000082100000| Untracked 
|  34|0x0000000082200000, 0x0000000082200000, 0x0000000082300000|  0%| F|  |TAMS 0x0000000082200000| PB 0x0000000082200000| Untracked 
|  35|0x0000000082300000, 0x0000000082300000, 0x0000000082400000|  0%| F|  |TAMS 0x0000000082300000| PB 0x0000000082300000| Untracked 
|  36|0x0000000082400000, 0x0000000082400000, 0x0000000082500000|  0%| F|  |TAMS 0x0000000082400000| PB 0x0000000082400000| Untracked 
|  37|0x0000000082500000, 0x0000000082500000, 0x0000000082600000|  0%| F|  |TAMS 0x0000000082500000| PB 0x0000000082500000| Untracked 
|  38|0x0000000082600000, 0x0000000082600000, 0x0000000082700000|  0%| F|  |TAMS 0x0000000082600000| PB 0x0000000082600000| Untracked 
|  39|0x0000000082700000, 0x0000000082700000, 0x0000000082800000|  0%| F|  |TAMS 0x0000000082700000| PB 0x0000000082700000| Untracked 
|  40|0x0000000082800000, 0x0000000082800000, 0x0000000082900000|  0%| F|  |TAMS 0x0000000082800000| PB 0x0000000082800000| Untracked 
|  41|0x0000000082900000, 0x0000000082900000, 0x0000000082a00000|  0%| F|  |TAMS 0x0000000082900000| PB 0x0000000082900000| Untracked 
|  42|0x0000000082a00000, 0x0000000082a00000, 0x0000000082b00000|  0%| F|  |TAMS 0x0000000082a00000| PB 0x0000000082a00000| Untracked 
|  43|0x0000000082b00000, 0x0000000082b00000, 0x0000000082c00000|  0%| F|  |TAMS 0x0000000082b00000| PB 0x0000000082b00000| Untracked 
|  44|0x0000000082c00000, 0x0000000082c00000, 0x0000000082d00000|  0%| F|  |TAMS 0x0000000082c00000| PB 0x0000000082c00000| Untracked 
|  45|0x0000000082d00000, 0x0000000082d00000, 0x0000000082e00000|  0%| F|  |TAMS 0x0000000082d00000| PB 0x0000000082d00000| Untracked 
|  46|0x0000000082e00000, 0x0000000082e00000, 0x0000000082f00000|  0%| F|  |TAMS 0x0000000082e00000| PB 0x0000000082e00000| Untracked 
|  47|0x0000000082f00000, 0x0000000082f00000, 0x0000000083000000|  0%| F|  |TAMS 0x0000000082f00000| PB 0x0000000082f00000| Untracked 
|  48|0x0000000083000000, 0x0000000083000000, 0x0000000083100000|  0%| F|  |TAMS 0x0000000083000000| PB 0x0000000083000000| Untracked 
|  49|0x0000000083100000, 0x0000000083100000, 0x0000000083200000|  0%| F|  |TAMS 0x0000000083100000| PB 0x0000000083100000| Untracked 
|  50|0x0000000083200000, 0x0000000083200000, 0x0000000083300000|  0%| F|  |TAMS 0x0000000083200000| PB 0x0000000083200000| Untracked 
|  51|0x0000000083300000, 0x0000000083300000, 0x0000000083400000|  0%| F|  |TAMS 0x0000000083300000| PB 0x0000000083300000| Untracked 
|  52|0x0000000083400000, 0x0000000083400000, 0x0000000083500000|  0%| F|  |TAMS 0x0000000083400000| PB 0x0000000083400000| Untracked 
|  53|0x0000000083500000, 0x0000000083500000, 0x0000000083600000|  0%| F|  |TAMS 0x0000000083500000| PB 0x0000000083500000| Untracked 
|  54|0x0000000083600000, 0x0000000083600000, 0x0000000083700000|  0%| F|  |TAMS 0x0000000083600000| PB 0x0000000083600000| Untracked 
|  55|0x0000000083700000, 0x0000000083700000, 0x0000000083800000|  0%| F|  |TAMS 0x0000000083700000| PB 0x0000000083700000| Untracked 
|  56|0x0000000083800000, 0x0000000083800000, 0x0000000083900000|  0%| F|  |TAMS 0x0000000083800000| PB 0x0000000083800000| Untracked 
|  57|0x0000000083900000, 0x0000000083900000, 0x0000000083a00000|  0%| F|  |TAMS 0x0000000083900000| PB 0x0000000083900000| Untracked 
|  58|0x0000000083a00000, 0x0000000083a00000, 0x0000000083b00000|  0%| F|  |TAMS 0x0000000083a00000| PB 0x0000000083a00000| Untracked 
|  59|0x0000000083b00000, 0x0000000083b00000, 0x0000000083c00000|  0%| F|  |TAMS 0x0000000083b00000| PB 0x0000000083b00000| Untracked 
|  60|0x0000000083c00000, 0x0000000083c00000, 0x0000000083d00000|  0%| F|  |TAMS 0x0000000083c00000| PB 0x0000000083c00000| Untracked 
|  61|0x0000000083d00000, 0x0000000083d00000, 0x0000000083e00000|  0%| F|  |TAMS 0x0000000083d00000| PB 0x0000000083d00000| Untracked 
|  62|0x0000000083e00000, 0x0000000083e00000, 0x0000000083f00000|  0%| F|  |TAMS 0x0000000083e00000| PB 0x0000000083e00000| Untracked 
|  63|0x0000000083f00000, 0x0000000083f00000, 0x0000000084000000|  0%| F|  |TAMS 0x0000000083f00000| PB 0x0000000083f00000| Untracked 
|  64|0x0000000084000000, 0x0000000084000000, 0x0000000084100000|  0%| F|  |TAMS 0x0000000084000000| PB 0x0000000084000000| Untracked 
|  65|0x0000000084100000, 0x0000000084100000, 0x0000000084200000|  0%| F|  |TAMS 0x0000000084100000| PB 0x0000000084100000| Untracked 
|  66|0x0000000084200000, 0x0000000084200000, 0x0000000084300000|  0%| F|  |TAMS 0x0000000084200000| PB 0x0000000084200000| Untracked 
|  67|0x0000000084300000, 0x0000000084300000, 0x0000000084400000|  0%| F|  |TAMS 0x0000000084300000| PB 0x0000000084300000| Untracked 
|  68|0x0000000084400000, 0x0000000084400000, 0x0000000084500000|  0%| F|  |TAMS 0x0000000084400000| PB 0x0000000084400000| Untracked 
|  69|0x0000000084500000, 0x0000000084500000, 0x0000000084600000|  0%| F|  |TAMS 0x0000000084500000| PB 0x0000000084500000| Untracked 
|  70|0x0000000084600000, 0x0000000084600000, 0x0000000084700000|  0%| F|  |TAMS 0x0000000084600000| PB 0x0000000084600000| Untracked 
|  71|0x0000000084700000, 0x0000000084700000, 0x0000000084800000|  0%| F|  |TAMS 0x0000000084700000| PB 0x0000000084700000| Untracked 
|  72|0x0000000084800000, 0x0000000084800000, 0x0000000084900000|  0%| F|  |TAMS 0x0000000084800000| PB 0x0000000084800000| Untracked 
|  73|0x0000000084900000, 0x0000000084900000, 0x0000000084a00000|  0%| F|  |TAMS 0x0000000084900000| PB 0x0000000084900000| Untracked 
|  74|0x0000000084a00000, 0x0000000084a00000, 0x0000000084b00000|  0%| F|  |TAMS 0x0000000084a00000| PB 0x0000000084a00000| Untracked 
|  75|0x0000000084b00000, 0x0000000084b00000, 0x0000000084c00000|  0%| F|  |TAMS 0x0000000084b00000| PB 0x0000000084b00000| Untracked 
|  76|0x0000000084c00000, 0x0000000084c00000, 0x0000000084d00000|  0%| F|  |TAMS 0x0000000084c00000| PB 0x0000000084c00000| Untracked 
|  77|0x0000000084d00000, 0x0000000084d00000, 0x0000000084e00000|  0%| F|  |TAMS 0x0000000084d00000| PB 0x0000000084d00000| Untracked 
|  78|0x0000000084e00000, 0x0000000084e00000, 0x0000000084f00000|  0%| F|  |TAMS 0x0000000084e00000| PB 0x0000000084e00000| Untracked 
|  79|0x0000000084f00000, 0x0000000084f00000, 0x0000000085000000|  0%| F|  |TAMS 0x0000000084f00000| PB 0x0000000084f00000| Untracked 
|  80|0x0000000085000000, 0x0000000085000000, 0x0000000085100000|  0%| F|  |TAMS 0x0000000085000000| PB 0x0000000085000000| Untracked 
|  81|0x0000000085100000, 0x0000000085100000, 0x0000000085200000|  0%| F|  |TAMS 0x0000000085100000| PB 0x0000000085100000| Untracked 
|  82|0x0000000085200000, 0x0000000085200000, 0x0000000085300000|  0%| F|  |TAMS 0x0000000085200000| PB 0x0000000085200000| Untracked 
|  83|0x0000000085300000, 0x0000000085300000, 0x0000000085400000|  0%| F|  |TAMS 0x0000000085300000| PB 0x0000000085300000| Untracked 
|  84|0x0000000085400000, 0x0000000085400000, 0x0000000085500000|  0%| F|  |TAMS 0x0000000085400000| PB 0x0000000085400000| Untracked 
|  85|0x0000000085500000, 0x0000000085500000, 0x0000000085600000|  0%| F|  |TAMS 0x0000000085500000| PB 0x0000000085500000| Untracked 
|  86|0x0000000085600000, 0x0000000085600000, 0x0000000085700000|  0%| F|  |TAMS 0x0000000085600000| PB 0x0000000085600000| Untracked 
|  87|0x0000000085700000, 0x0000000085700000, 0x0000000085800000|  0%| F|  |TAMS 0x0000000085700000| PB 0x0000000085700000| Untracked 
|  88|0x0000000085800000, 0x0000000085800000, 0x0000000085900000|  0%| F|  |TAMS 0x0000000085800000| PB 0x0000000085800000| Untracked 
|  89|0x0000000085900000, 0x0000000085900000, 0x0000000085a00000|  0%| F|  |TAMS 0x0000000085900000| PB 0x0000000085900000| Untracked 
|  90|0x0000000085a00000, 0x0000000085a00000, 0x0000000085b00000|  0%| F|  |TAMS 0x0000000085a00000| PB 0x0000000085a00000| Untracked 
|  91|0x0000000085b00000, 0x0000000085b00000, 0x0000000085c00000|  0%| F|  |TAMS 0x0000000085b00000| PB 0x0000000085b00000| Untracked 
|  92|0x0000000085c00000, 0x0000000085c00000, 0x0000000085d00000|  0%| F|  |TAMS 0x0000000085c00000| PB 0x0000000085c00000| Untracked 
|  93|0x0000000085d00000, 0x0000000085d00000, 0x0000000085e00000|  0%| F|  |TAMS 0x0000000085d00000| PB 0x0000000085d00000| Untracked 
|  94|0x0000000085e00000, 0x0000000085e00000, 0x0000000085f00000|  0%| F|  |TAMS 0x0000000085e00000| PB 0x0000000085e00000| Untracked 
|  95|0x0000000085f00000, 0x0000000085f00000, 0x0000000086000000|  0%| F|  |TAMS 0x0000000085f00000| PB 0x0000000085f00000| Untracked 
|  96|0x0000000086000000, 0x0000000086000000, 0x0000000086100000|  0%| F|  |TAMS 0x0000000086000000| PB 0x0000000086000000| Untracked 
|  97|0x0000000086100000, 0x0000000086100000, 0x0000000086200000|  0%| F|  |TAMS 0x0000000086100000| PB 0x0000000086100000| Untracked 
|  98|0x0000000086200000, 0x0000000086200000, 0x0000000086300000|  0%| F|  |TAMS 0x0000000086200000| PB 0x0000000086200000| Untracked 
|  99|0x0000000086300000, 0x0000000086300000, 0x0000000086400000|  0%| F|  |TAMS 0x0000000086300000| PB 0x0000000086300000| Untracked 
| 100|0x0000000086400000, 0x0000000086400000, 0x0000000086500000|  0%| F|  |TAMS 0x0000000086400000| PB 0x0000000086400000| Untracked 
| 101|0x0000000086500000, 0x0000000086500000, 0x0000000086600000|  0%| F|  |TAMS 0x0000000086500000| PB 0x0000000086500000| Untracked 
| 102|0x0000000086600000, 0x0000000086700000, 0x0000000086700000|100%| S|CS|TAMS 0x0000000086600000| PB 0x0000000086600000| Complete 
| 103|0x0000000086700000, 0x0000000086800000, 0x0000000086800000|100%| S|CS|TAMS 0x0000000086700000| PB 0x0000000086700000| Complete 
| 104|0x0000000086800000, 0x0000000086900000, 0x0000000086900000|100%| S|CS|TAMS 0x0000000086800000| PB 0x0000000086800000| Complete 
| 105|0x0000000086900000, 0x0000000086900000, 0x0000000086a00000|  0%| F|  |TAMS 0x0000000086900000| PB 0x0000000086900000| Untracked 
| 106|0x0000000086a00000, 0x0000000086a00000, 0x0000000086b00000|  0%| F|  |TAMS 0x0000000086a00000| PB 0x0000000086a00000| Untracked 
| 107|0x0000000086b00000, 0x0000000086b00000, 0x0000000086c00000|  0%| F|  |TAMS 0x0000000086b00000| PB 0x0000000086b00000| Untracked 
| 108|0x0000000086c00000, 0x0000000086c00000, 0x0000000086d00000|  0%| F|  |TAMS 0x0000000086c00000| PB 0x0000000086c00000| Untracked 
| 109|0x0000000086d00000, 0x0000000086d00000, 0x0000000086e00000|  0%| F|  |TAMS 0x0000000086d00000| PB 0x0000000086d00000| Untracked 
| 110|0x0000000086e00000, 0x0000000086e8c710, 0x0000000086f00000| 54%| E|  |TAMS 0x0000000086e00000| PB 0x0000000086e00000| Complete 
| 111|0x0000000086f00000, 0x0000000087000000, 0x0000000087000000|100%| E|CS|TAMS 0x0000000086f00000| PB 0x0000000086f00000| Complete 
| 112|0x0000000087000000, 0x0000000087100000, 0x0000000087100000|100%| E|CS|TAMS 0x0000000087000000| PB 0x0000000087000000| Complete 
| 113|0x0000000087100000, 0x0000000087200000, 0x0000000087200000|100%| E|CS|TAMS 0x0000000087100000| PB 0x0000000087100000| Complete 
| 114|0x0000000087200000, 0x0000000087300000, 0x0000000087300000|100%| E|CS|TAMS 0x0000000087200000| PB 0x0000000087200000| Complete 
| 115|0x0000000087300000, 0x0000000087400000, 0x0000000087400000|100%| E|CS|TAMS 0x0000000087300000| PB 0x0000000087300000| Complete 
| 116|0x0000000087400000, 0x0000000087500000, 0x0000000087500000|100%| E|CS|TAMS 0x0000000087400000| PB 0x0000000087400000| Complete 
| 117|0x0000000087500000, 0x0000000087600000, 0x0000000087600000|100%| E|CS|TAMS 0x0000000087500000| PB 0x0000000087500000| Complete 
| 118|0x0000000087600000, 0x0000000087700000, 0x0000000087700000|100%| E|CS|TAMS 0x0000000087600000| PB 0x0000000087600000| Complete 
| 119|0x0000000087700000, 0x0000000087800000, 0x0000000087800000|100%| E|CS|TAMS 0x0000000087700000| PB 0x0000000087700000| Complete 
| 120|0x0000000087800000, 0x0000000087900000, 0x0000000087900000|100%| E|CS|TAMS 0x0000000087800000| PB 0x0000000087800000| Complete 
| 121|0x0000000087900000, 0x0000000087a00000, 0x0000000087a00000|100%| E|CS|TAMS 0x0000000087900000| PB 0x0000000087900000| Complete 
| 122|0x0000000087a00000, 0x0000000087b00000, 0x0000000087b00000|100%| E|CS|TAMS 0x0000000087a00000| PB 0x0000000087a00000| Complete 
| 123|0x0000000087b00000, 0x0000000087c00000, 0x0000000087c00000|100%| E|CS|TAMS 0x0000000087b00000| PB 0x0000000087b00000| Complete 
| 124|0x0000000087c00000, 0x0000000087d00000, 0x0000000087d00000|100%| E|CS|TAMS 0x0000000087c00000| PB 0x0000000087c00000| Complete 
| 125|0x0000000087d00000, 0x0000000087e00000, 0x0000000087e00000|100%| E|CS|TAMS 0x0000000087d00000| PB 0x0000000087d00000| Complete 
| 126|0x0000000087e00000, 0x0000000087f00000, 0x0000000087f00000|100%| E|CS|TAMS 0x0000000087e00000| PB 0x0000000087e00000| Complete 
| 127|0x0000000087f00000, 0x0000000088000000, 0x0000000088000000|100%| E|CS|TAMS 0x0000000087f00000| PB 0x0000000087f00000| Complete 

Card table byte_map: [0x00000179702c0000,0x00000179706c0000] _byte_map_base: 0x000001796fec0000

Marking Bits: (CMBitMap*) 0x000001795cc55f10
 Bits: [0x00000179706c0000, 0x00000179726c0000)

Polling page: 0x000001795abc0000

Metaspace:

Usage:
  Non-class:     10.96 MB used.
      Class:      1.45 MB used.
       Both:     12.42 MB used.

Virtual space:
  Non-class space:       64.00 MB reserved,      11.25 MB ( 18%) committed,  1 nodes.
      Class space:        1.00 GB reserved,       1.69 MB ( <1%) committed,  1 nodes.
             Both:        1.06 GB reserved,      12.94 MB (  1%) committed. 

Chunk freelists:
   Non-Class:  4.73 MB
       Class:  14.30 MB
        Both:  19.02 MB

MaxMetaspaceSize: unlimited
CompressedClassSpaceSize: 1.00 GB
Initial GC threshold: 21.00 MB
Current GC threshold: 21.00 MB
CDS: on
 - commit_granule_bytes: 65536.
 - commit_granule_words: 8192.
 - virtual_space_node_default_size: 8388608.
 - enlarge_chunks_in_place: 1.
 - use_allocation_guard: 0.


Internal statistics:

num_allocs_failed_limit: 0.
num_arena_births: 580.
num_arena_deaths: 0.
num_vsnodes_births: 2.
num_vsnodes_deaths: 0.
num_space_committed: 207.
num_space_uncommitted: 0.
num_chunks_returned_to_freelist: 0.
num_chunks_taken_from_freelist: 1036.
num_chunk_merges: 0.
num_chunk_splits: 612.
num_chunks_enlarged: 249.
num_inconsistent_stats: 0.

CodeHeap 'non-profiled nmethods': size=120000Kb used=889Kb max_used=889Kb free=119110Kb
 bounds [0x0000017968660000, 0x00000179688d0000, 0x000001796fb90000]
CodeHeap 'profiled nmethods': size=120000Kb used=4292Kb max_used=4292Kb free=115707Kb
 bounds [0x0000017960b90000, 0x0000017960fd0000, 0x00000179680c0000]
CodeHeap 'non-nmethods': size=5760Kb used=1594Kb max_used=1634Kb free=4165Kb
 bounds [0x00000179680c0000, 0x0000017968330000, 0x0000017968660000]
 total_blobs=2790 nmethods=2263 adapters=431
 compilation: enabled
              stopped_count=0, restarted_count=0
 full_count=0

Compilation events (20 events):
Event: 2.920 Thread 0x000001797511ac50 nmethod 2252 0x0000017960fb4c10 code [0x0000017960fb4de0, 0x0000017960fb50b8]
Event: 2.920 Thread 0x000001797511ac50 2253       3       java.lang.Class::isRecord (33 bytes)
Event: 2.920 Thread 0x000001797511ac50 nmethod 2253 0x0000017960fb5210 code [0x0000017960fb53e0, 0x0000017960fb5648]
Event: 2.922 Thread 0x000001797511ac50 2254       3       java.io.ObjectStreamClass$FieldReflector::setObjFieldValues (262 bytes)
Event: 2.923 Thread 0x000001797511ac50 nmethod 2254 0x0000017960fb5710 code [0x0000017960fb5b00, 0x0000017960fb70b0]
Event: 2.923 Thread 0x000001797511ac50 2256       3       java.io.ObjectStreamClass::getLocalDesc (9 bytes)
Event: 2.924 Thread 0x000001797511ac50 nmethod 2256 0x0000017960fb7a90 code [0x0000017960fb7c60, 0x0000017960fb7ee8]
Event: 2.924 Thread 0x000001797511ac50 2255   !   3       java.io.ObjectInputStream::readOrdinaryObject (373 bytes)
Event: 2.925 Thread 0x000001797511ac50 nmethod 2255 0x0000017960fb8010 code [0x0000017960fb8520, 0x0000017960fba440]
Event: 2.925 Thread 0x000001797511ac50 2257       3       java.util.HashMap::values (25 bytes)
Event: 2.925 Thread 0x000001797511ac50 nmethod 2257 0x0000017960fbb190 code [0x0000017960fbb360, 0x0000017960fbb6d0]
Event: 2.925 Thread 0x000001797511ac50 2258       3       java.io.ObjectInputStream::<init> (98 bytes)
Event: 2.926 Thread 0x000001797511ac50 nmethod 2258 0x0000017960fbb810 code [0x0000017960fbbac0, 0x0000017960fbc738]
Event: 2.926 Thread 0x000001797511ac50 2259       3       java.util.HashMap$Values::iterator (12 bytes)
Event: 2.926 Thread 0x000001797511ac50 nmethod 2259 0x0000017960fbcb10 code [0x0000017960fbccc0, 0x0000017960fbcec8]
Event: 2.926 Thread 0x000001797511ac50 2260       3       java.util.HashMap$ValueIterator::<init> (6 bytes)
Event: 2.926 Thread 0x000001797511ac50 nmethod 2260 0x0000017960fbcf90 code [0x0000017960fbd140, 0x0000017960fbd278]
Event: 2.927 Thread 0x000001797511ac50 2261       3       java.io.ObjectOutputStream$BlockDataOutputStream::writeBlockHeader (70 bytes)
Event: 2.927 Thread 0x000001797511ac50 nmethod 2261 0x0000017960fbd310 code [0x0000017960fbd560, 0x0000017960fbdd98]
Event: 2.929 Thread 0x000001797511ac50 2262       3       sun.rmi.transport.StreamRemoteCall::getOutputStream (39 bytes)

GC Heap History (2 events):
Event: 1.537 GC heap before
{Heap before GC invocations=0 (full 0):
 garbage-first heap   total 131072K, used 27648K [0x0000000080000000, 0x0000000100000000)
  region size 1024K, 23 young (23552K), 0 survivors (0K)
 Metaspace       used 8191K, committed 8576K, reserved 1114112K
  class space    used 1022K, committed 1152K, reserved 1048576K
}
Event: 1.543 GC heap after
{Heap after GC invocations=1 (full 0):
 garbage-first heap   total 131072K, used 9216K [0x0000000080000000, 0x0000000100000000)
  region size 1024K, 3 young (3072K), 3 survivors (3072K)
 Metaspace       used 8191K, committed 8576K, reserved 1114112K
  class space    used 1022K, committed 1152K, reserved 1048576K
}

Dll operation events (2 events):
Event: 0.027 Loaded shared library C:\Program Files\JetBrains\IntelliJ IDEA 2024.3.1.1\jbr\bin\java.dll
Event: 0.092 Loaded shared library C:\Program Files\JetBrains\IntelliJ IDEA 2024.3.1.1\jbr\bin\zip.dll

Deoptimization events (20 events):
Event: 2.577 Thread 0x0000017975af1450 DEOPT PACKING pc=0x00000179686fe92c sp=0x0000002c786fe7a0
Event: 2.577 Thread 0x0000017975af1450 DEOPT UNPACKING pc=0x0000017968117da2 sp=0x0000002c786fe728 mode 2
Event: 2.622 Thread 0x0000017975af1450 DEOPT PACKING pc=0x0000017960e3f63b sp=0x0000002c786fdf80
Event: 2.622 Thread 0x0000017975af1450 DEOPT UNPACKING pc=0x00000179681188e2 sp=0x0000002c786fd450 mode 0
Event: 2.628 Thread 0x0000017975af1450 Uncommon trap: trap_request=0xffffff45 fr.pc=0x0000017968703df4 relative=0x0000000000002c14
Event: 2.628 Thread 0x0000017975af1450 Uncommon trap: reason=unstable_if action=reinterpret pc=0x0000017968703df4 method=com.sun.crypto.provider.PBKDF2KeyImpl.deriveKey(Ljavax/crypto/Mac;[B[BII)[B @ 179 c2
Event: 2.628 Thread 0x0000017975af1450 DEOPT PACKING pc=0x0000017968703df4 sp=0x0000002c786fdf30
Event: 2.628 Thread 0x0000017975af1450 DEOPT UNPACKING pc=0x0000017968117da2 sp=0x0000002c786fdf50 mode 2
Event: 2.634 Thread 0x0000017975af1450 Uncommon trap: trap_request=0xffffff45 fr.pc=0x000001796872641c relative=0x00000000000004bc
Event: 2.634 Thread 0x0000017975af1450 Uncommon trap: reason=unstable_if action=reinterpret pc=0x000001796872641c method=java.lang.PublicMethods$MethodList.filter([Ljava/lang/reflect/Method;Ljava/lang/String;[Ljava/lang/Class;Z)Ljava/lang/PublicMethods$MethodList; @ 58 c2
Event: 2.634 Thread 0x0000017975af1450 DEOPT PACKING pc=0x000001796872641c sp=0x0000002c786fe700
Event: 2.634 Thread 0x0000017975af1450 DEOPT UNPACKING pc=0x0000017968117da2 sp=0x0000002c786fe680 mode 2
Event: 2.636 Thread 0x0000017975af1450 Uncommon trap: trap_request=0xffffffde fr.pc=0x00000179686e3064 relative=0x0000000000000304
Event: 2.636 Thread 0x0000017975af1450 Uncommon trap: reason=class_check action=maybe_recompile pc=0x00000179686e3064 method=java.util.regex.Pattern$BmpCharPropertyGreedy.match(Ljava/util/regex/Matcher;ILjava/lang/CharSequence;)Z @ 26 c2
Event: 2.636 Thread 0x0000017975af1450 DEOPT PACKING pc=0x00000179686e3064 sp=0x0000002c786fe5e0
Event: 2.636 Thread 0x0000017975af1450 DEOPT UNPACKING pc=0x0000017968117da2 sp=0x0000002c786fe598 mode 2
Event: 2.636 Thread 0x0000017975af1450 Uncommon trap: trap_request=0xffffffde fr.pc=0x00000179686e3064 relative=0x0000000000000304
Event: 2.636 Thread 0x0000017975af1450 Uncommon trap: reason=class_check action=maybe_recompile pc=0x00000179686e3064 method=java.util.regex.Pattern$BmpCharPropertyGreedy.match(Ljava/util/regex/Matcher;ILjava/lang/CharSequence;)Z @ 26 c2
Event: 2.636 Thread 0x0000017975af1450 DEOPT PACKING pc=0x00000179686e3064 sp=0x0000002c786fe3d0
Event: 2.636 Thread 0x0000017975af1450 DEOPT UNPACKING pc=0x0000017968117da2 sp=0x0000002c786fe388 mode 2

Classes loaded (20 events):
Event: 2.696 Loading class java/util/concurrent/LinkedBlockingQueue
Event: 2.697 Loading class java/util/concurrent/LinkedBlockingQueue done
Event: 2.697 Loading class java/util/concurrent/LinkedBlockingQueue$Node
Event: 2.697 Loading class java/util/concurrent/LinkedBlockingQueue$Node done
Event: 2.709 Loading class java/lang/AbstractMethodError
Event: 2.709 Loading class java/lang/AbstractMethodError done
Event: 2.720 Loading class java/lang/Byte$ByteCache
Event: 2.720 Loading class java/lang/Byte$ByteCache done
Event: 2.720 Loading class java/lang/Short$ShortCache
Event: 2.720 Loading class java/lang/Short$ShortCache done
Event: 2.722 Loading class java/util/regex/Pattern$LookBehindEndNode
Event: 2.722 Loading class java/util/regex/Pattern$LookBehindEndNode done
Event: 2.722 Loading class java/util/regex/Pattern$Behind
Event: 2.722 Loading class java/util/regex/Pattern$Behind done
Event: 2.722 Loading class java/util/regex/Pattern$Neg
Event: 2.722 Loading class java/util/regex/Pattern$Neg done
Event: 2.722 Loading class java/util/regex/Pattern$NotBehind
Event: 2.722 Loading class java/util/regex/Pattern$NotBehind done
Event: 2.722 Loading class java/util/regex/Pattern$Pos
Event: 2.722 Loading class java/util/regex/Pattern$Pos done

Classes unloaded (0 events):
No events

Classes redefined (0 events):
No events

Internal exceptions (20 events):
Event: 1.948 Thread 0x0000017975af1450 Exception <a 'java/lang/NoSuchMethodError'{0x000000008775e238}: 'void java.lang.invoke.DirectMethodHandle$Holder.invokeInterface(java.lang.Object, java.lang.Object, java.lang.Object, java.lang.Object)'> (0x000000008775e238) 
thrown [s\src\hotspot\share\interpreter\linkResolver.cpp, line 784]
Event: 1.949 Thread 0x0000017975af1450 Exception <a 'java/lang/NoSuchMethodError'{0x0000000087761e98}: 'void java.lang.invoke.DirectMethodHandle$Holder.invokeSpecial(java.lang.Object, java.lang.Object, java.lang.Object, java.lang.Object, java.lang.Object)'> (0x0000000087761e98) 
thrown [s\src\hotspot\share\interpreter\linkResolver.cpp, line 784]
Event: 1.976 Thread 0x0000017975af1450 Exception <a 'java/lang/NoSuchMethodError'{0x0000000087776098}: 'int java.lang.invoke.DirectMethodHandle$Holder.invokeInterface(java.lang.Object, java.lang.Object)'> (0x0000000087776098) 
thrown [s\src\hotspot\share\interpreter\linkResolver.cpp, line 784]
Event: 2.098 Thread 0x0000017975af1450 Exception <a 'java/lang/NoSuchMethodError'{0x0000000087500f18}: 'int java.lang.invoke.DirectMethodHandle$Holder.invokeInterface(java.lang.Object, java.lang.Object, int)'> (0x0000000087500f18) 
thrown [s\src\hotspot\share\interpreter\linkResolver.cpp, line 784]
Event: 2.098 Thread 0x0000017975af1450 Exception <a 'java/lang/NoSuchMethodError'{0x0000000087505368}: 'int java.lang.invoke.DirectMethodHandle$Holder.invokeSpecial(java.lang.Object, java.lang.Object, java.lang.Object, int)'> (0x0000000087505368) 
thrown [s\src\hotspot\share\interpreter\linkResolver.cpp, line 784]
Event: 2.100 Thread 0x0000017975af1450 Exception <a 'java/lang/NoSuchMethodError'{0x0000000087517608}: 'java.lang.Object java.lang.invoke.DirectMethodHandle$Holder.invokeStatic(java.lang.Object, java.lang.Object, java.lang.Object, java.lang.Object, int)'> (0x0000000087517608) 
thrown [s\src\hotspot\share\interpreter\linkResolver.cpp, line 784]
Event: 2.115 Thread 0x0000017975af1450 Exception <a 'java/lang/NoSuchMethodError'{0x0000000087542828}: 'void java.lang.invoke.DirectMethodHandle$Holder.invokeInterface(java.lang.Object, java.lang.Object, int)'> (0x0000000087542828) 
thrown [s\src\hotspot\share\interpreter\linkResolver.cpp, line 784]
Event: 2.116 Thread 0x0000017975af1450 Exception <a 'java/lang/NoSuchMethodError'{0x00000000875466b0}: 'void java.lang.invoke.DelegatingMethodHandle$Holder.reinvoke_L(java.lang.Object, java.lang.Object, int)'> (0x00000000875466b0) 
thrown [s\src\hotspot\share\interpreter\linkResolver.cpp, line 784]
Event: 2.232 Thread 0x0000017975af1450 Exception <a 'java/lang/NoSuchMethodError'{0x000000008733b380}: 'java.lang.Object java.lang.invoke.DirectMethodHandle$Holder.invokeInterface(java.lang.Object, java.lang.Object, int)'> (0x000000008733b380) 
thrown [s\src\hotspot\share\interpreter\linkResolver.cpp, line 784]
Event: 2.241 Thread 0x0000017975af1450 Exception <a 'java/lang/NoSuchMethodError'{0x0000000087388118}: static [Ljava/lang/Object;.<clinit>()V> (0x0000000087388118) 
thrown [s\src\hotspot\share\prims\jni.cpp, line 1135]
Event: 2.247 Thread 0x0000017975af1450 Exception <a 'java/lang/NoSuchMethodError'{0x0000000087394100}: 'void java.lang.invoke.DirectMethodHandle$Holder.invokeInterface(java.lang.Object, java.lang.Object)'> (0x0000000087394100) 
thrown [s\src\hotspot\share\interpreter\linkResolver.cpp, line 784]
Event: 2.723 Thread 0x0000017975af1450 Exception <a 'java/lang/NoSuchMethodError'{0x00000000871965e8}: static Lcom/intellij/database/remote/jdba/core/ConnectionInfo;.<clinit>()V> (0x00000000871965e8) 
thrown [s\src\hotspot\share\prims\jni.cpp, line 1135]
Event: 2.724 Thread 0x0000017975af1450 Exception <a 'java/lang/NoSuchMethodError'{0x00000000871a1110}: static Ljava/lang/Object;.<clinit>()V> (0x00000000871a1110) 
thrown [s\src\hotspot\share\prims\jni.cpp, line 1135]
Event: 2.725 Thread 0x0000017975af1450 Exception <a 'java/lang/NoSuchMethodError'{0x00000000871a56f0}: static [I.<clinit>()V> (0x00000000871a56f0) 
thrown [s\src\hotspot\share\prims\jni.cpp, line 1135]
Event: 2.745 Thread 0x0000017975af1450 Exception <a 'java/lang/NoSuchMethodError'{0x00000000871c9f68}: 'java.lang.Object java.lang.invoke.DirectMethodHandle$Holder.invokeInterface(java.lang.Object, java.lang.Object, java.lang.Object, java.lang.Object)'> (0x00000000871c9f68) 
thrown [s\src\hotspot\share\interpreter\linkResolver.cpp, line 784]
Event: 2.805 Thread 0x0000017975af1450 Exception <a 'java/lang/NoSuchMethodError'{0x00000000870d8070}: static Lcom/intellij/database/remote/jdba/core/ResultLayout;.<clinit>()V> (0x00000000870d8070) 
thrown [s\src\hotspot\share\prims\jni.cpp, line 1135]
Event: 2.806 Thread 0x0000017975af1450 Exception <a 'java/lang/NoSuchMethodError'{0x00000000870e5238}: static Lcom/intellij/database/remote/jdba/core/RowLayout;.<clinit>()V> (0x00000000870e5238) 
thrown [s\src\hotspot\share\prims\jni.cpp, line 1135]
Event: 2.808 Thread 0x0000017975af1450 Exception <a 'java/lang/NoSuchMethodError'{0x00000000870f32f0}: static Lcom/intellij/database/remote/jdba/util/NameAndClass;.<clinit>()V> (0x00000000870f32f0) 
thrown [s\src\hotspot\share\prims\jni.cpp, line 1135]
Event: 2.808 Thread 0x0000017975af1450 Exception <a 'java/lang/NoSuchMethodError'{0x00000000870f6000}: 'java.lang.Object java.lang.invoke.DirectMethodHandle$Holder.invokeInterface(java.lang.Object, java.lang.Object, int, java.lang.Object)'> (0x00000000870f6000) 
thrown [s\src\hotspot\share\interpreter\linkResolver.cpp, line 784]
Event: 2.809 Thread 0x0000017975af1450 Exception <a 'java/lang/NoSuchMethodError'{0x00000000870fa3e8}: 'java.lang.Object java.lang.invoke.DirectMethodHandle$Holder.invokeSpecial(java.lang.Object, java.lang.Object, java.lang.Object, int, java.lang.Object)'> (0x00000000870fa3e8) 
thrown [s\src\hotspot\share\interpreter\linkResolver.cpp, line 784]

ZGC Phase Switch (0 events):
No events

VM Operations (20 events):
Event: 1.618 Executing VM operation: HandshakeAllThreads (Deoptimize) done
Event: 1.653 Executing VM operation: HandshakeAllThreads (Deoptimize)
Event: 1.653 Executing VM operation: HandshakeAllThreads (Deoptimize) done
Event: 1.672 Executing VM operation: HandshakeAllThreads (Deoptimize)
Event: 1.672 Executing VM operation: HandshakeAllThreads (Deoptimize) done
Event: 1.680 Executing VM operation: HandshakeAllThreads (Deoptimize)
Event: 1.680 Executing VM operation: HandshakeAllThreads (Deoptimize) done
Event: 1.707 Executing VM operation: HandshakeAllThreads (Deoptimize)
Event: 1.707 Executing VM operation: HandshakeAllThreads (Deoptimize) done
Event: 1.718 Executing VM operation: HandshakeAllThreads (Deoptimize)
Event: 1.718 Executing VM operation: HandshakeAllThreads (Deoptimize) done
Event: 1.823 Executing VM operation: HandshakeAllThreads (Deoptimize)
Event: 1.823 Executing VM operation: HandshakeAllThreads (Deoptimize) done
Event: 1.824 Executing VM operation: HandshakeAllThreads (Deoptimize)
Event: 1.824 Executing VM operation: HandshakeAllThreads (Deoptimize) done
Event: 2.221 Executing VM operation: ICBufferFull
Event: 2.222 Executing VM operation: ICBufferFull done
Event: 2.240 Executing VM operation: HandshakeAllThreads (Deoptimize)
Event: 2.241 Executing VM operation: HandshakeAllThreads (Deoptimize) done
Event: 3.240 Executing VM operation: Cleanup

Memory protections (0 events):
No events

Nmethod flushes (0 events):
No events

Events (20 events):
Event: 1.150 Thread 0x000001797511b9f0 Thread exited: 0x000001797511b9f0
Event: 1.562 Loaded shared library C:\Program Files\JetBrains\IntelliJ IDEA 2024.3.1.1\jbr\bin\management.dll
Event: 1.565 Loaded shared library C:\Program Files\JetBrains\IntelliJ IDEA 2024.3.1.1\jbr\bin\management_ext.dll
Event: 1.671 Loaded shared library C:\Program Files\JetBrains\IntelliJ IDEA 2024.3.1.1\jbr\bin\sunmscapi.dll
Event: 1.685 Thread 0x000001797511ac50 Thread added: 0x0000017975118a40
Event: 1.884 Thread 0x0000017975af1450 Thread added: 0x0000017975c9e790
Event: 2.572 Thread 0x0000017975118a40 Thread exited: 0x0000017975118a40
Event: 2.641 Thread 0x000001797511ac50 Thread added: 0x000001797511b9f0
Event: 2.837 Thread 0x0000017975ca0860 Thread added: 0x0000017975c9da70
Event: 2.838 Thread 0x0000017975ca0860 Thread added: 0x0000017975c9ee20
Event: 2.838 Thread 0x0000017975ca0860 Thread added: 0x0000017975c9f4b0
Event: 2.838 Thread 0x0000017975ca0860 Thread added: 0x0000017975c9e100
Event: 2.838 Thread 0x0000017975ca0860 Thread added: 0x0000017975c9fb40
Event: 2.838 Thread 0x0000017975ca0860 Thread added: 0x0000017975c9d3e0
Event: 2.843 Thread 0x0000017975c9da70 Thread exited: 0x0000017975c9da70
Event: 2.843 Thread 0x0000017975c9e100 Thread exited: 0x0000017975c9e100
Event: 2.843 Thread 0x0000017975c9fb40 Thread exited: 0x0000017975c9fb40
Event: 2.851 Thread 0x0000017975c9ee20 Thread exited: 0x0000017975c9ee20
Event: 2.852 Thread 0x0000017975c9f4b0 Thread exited: 0x0000017975c9f4b0
Event: 2.853 Thread 0x0000017975c9d3e0 Thread exited: 0x0000017975c9d3e0


Dynamic libraries:
0x00007ff62b250000 - 0x00007ff62b25a000 	C:\Program Files\JetBrains\IntelliJ IDEA 2024.3.1.1\jbr\bin\java.exe
0x00007ffce38a0000 - 0x00007ffce3b03000 	C:\WINDOWS\SYSTEM32\ntdll.dll
0x00007ffce1f30000 - 0x00007ffce1ff8000 	C:\WINDOWS\System32\KERNEL32.DLL
0x00007ffce0df0000 - 0x00007ffce11a2000 	C:\WINDOWS\System32\KERNELBASE.dll
0x00007ffce0ca0000 - 0x00007ffce0deb000 	C:\WINDOWS\System32\ucrtbase.dll
0x00007ffcd5700000 - 0x00007ffcd571b000 	C:\Program Files\JetBrains\IntelliJ IDEA 2024.3.1.1\jbr\bin\VCRUNTIME140.dll
0x00007ffcc4ff0000 - 0x00007ffcc5008000 	C:\Program Files\JetBrains\IntelliJ IDEA 2024.3.1.1\jbr\bin\jli.dll
0x00007ffce1870000 - 0x00007ffce1a38000 	C:\WINDOWS\System32\USER32.dll
0x00007ffcba720000 - 0x00007ffcba9b0000 	C:\WINDOWS\WinSxS\amd64_microsoft.windows.common-controls_6595b64144ccf1df_6.0.26100.2454_none_3e0b68a2e331ad60\COMCTL32.dll
0x00007ffce0c70000 - 0x00007ffce0c97000 	C:\WINDOWS\System32\win32u.dll
0x00007ffce1bf0000 - 0x00007ffce1c99000 	C:\WINDOWS\System32\msvcrt.dll
0x00007ffce1ca0000 - 0x00007ffce1cca000 	C:\WINDOWS\System32\GDI32.dll
0x00007ffce11b0000 - 0x00007ffce12db000 	C:\WINDOWS\System32\gdi32full.dll
0x00007ffce1650000 - 0x00007ffce16f3000 	C:\WINDOWS\System32\msvcp_win.dll
0x00007ffce1bb0000 - 0x00007ffce1bdf000 	C:\WINDOWS\System32\IMM32.DLL
0x00007ffcd79d0000 - 0x00007ffcd79dc000 	C:\Program Files\JetBrains\IntelliJ IDEA 2024.3.1.1\jbr\bin\vcruntime140_1.dll
0x00007ffcc4f60000 - 0x00007ffcc4fed000 	C:\Program Files\JetBrains\IntelliJ IDEA 2024.3.1.1\jbr\bin\msvcp140.dll
0x00007ffc84560000 - 0x00007ffc85321000 	C:\Program Files\JetBrains\IntelliJ IDEA 2024.3.1.1\jbr\bin\server\jvm.dll
0x00007ffce1cd0000 - 0x00007ffce1d84000 	C:\WINDOWS\System32\ADVAPI32.dll
0x00007ffce37b0000 - 0x00007ffce3856000 	C:\WINDOWS\System32\sechost.dll
0x00007ffce2140000 - 0x00007ffce2256000 	C:\WINDOWS\System32\RPCRT4.dll
0x00007ffce2000000 - 0x00007ffce2074000 	C:\WINDOWS\System32\WS2_32.dll
0x00007ffce03b0000 - 0x00007ffce03fe000 	C:\WINDOWS\SYSTEM32\POWRPROF.dll
0x00007ffcd1880000 - 0x00007ffcd18b6000 	C:\WINDOWS\SYSTEM32\WINMM.dll
0x00007ffccc500000 - 0x00007ffccc50b000 	C:\WINDOWS\SYSTEM32\VERSION.dll
0x00007ffce0390000 - 0x00007ffce03a4000 	C:\WINDOWS\SYSTEM32\UMPDC.dll
0x00007ffcdfa70000 - 0x00007ffcdfa8a000 	C:\WINDOWS\SYSTEM32\kernel.appcore.dll
0x00007ffcd58f0000 - 0x00007ffcd58fa000 	C:\Program Files\JetBrains\IntelliJ IDEA 2024.3.1.1\jbr\bin\jimage.dll
0x00007ffcddc50000 - 0x00007ffcdde91000 	C:\WINDOWS\SYSTEM32\DBGHELP.DLL
0x00007ffce2ad0000 - 0x00007ffce2e4e000 	C:\WINDOWS\System32\combase.dll
0x00007ffce2e60000 - 0x00007ffce2f36000 	C:\WINDOWS\System32\OLEAUT32.dll
0x00007ffcc2e50000 - 0x00007ffcc2e89000 	C:\WINDOWS\SYSTEM32\dbgcore.DLL
0x00007ffce1370000 - 0x00007ffce1409000 	C:\WINDOWS\System32\bcryptPrimitives.dll
0x00007ffcd3a50000 - 0x00007ffcd3a70000 	C:\Program Files\JetBrains\IntelliJ IDEA 2024.3.1.1\jbr\bin\java.dll
0x00007ffce2f40000 - 0x00007ffce3640000 	C:\WINDOWS\System32\SHELL32.dll
0x00007ffcde940000 - 0x00007ffcdf171000 	C:\WINDOWS\SYSTEM32\windows.storage.dll
0x00007ffce2450000 - 0x00007ffce252a000 	C:\WINDOWS\System32\SHCORE.dll
0x00007ffce1710000 - 0x00007ffce176d000 	C:\WINDOWS\System32\shlwapi.dll
0x00007ffce0b80000 - 0x00007ffce0bae000 	C:\WINDOWS\SYSTEM32\profapi.dll
0x00007ffccc530000 - 0x00007ffccc548000 	C:\Program Files\JetBrains\IntelliJ IDEA 2024.3.1.1\jbr\bin\zip.dll
0x00007ffcd3a40000 - 0x00007ffcd3a50000 	C:\Program Files\JetBrains\IntelliJ IDEA 2024.3.1.1\jbr\bin\net.dll
0x00007ffcd9f70000 - 0x00007ffcda096000 	C:\WINDOWS\SYSTEM32\WINHTTP.dll
0x00007ffcdff50000 - 0x00007ffcdffb8000 	C:\WINDOWS\system32\mswsock.dll
0x00007ffccbca0000 - 0x00007ffccbcb6000 	C:\Program Files\JetBrains\IntelliJ IDEA 2024.3.1.1\jbr\bin\nio.dll
0x00007ffcdf540000 - 0x00007ffcdf572000 	C:\WINDOWS\SYSTEM32\IPHLPAPI.DLL
0x00007ffce1860000 - 0x00007ffce186a000 	C:\WINDOWS\System32\NSI.dll
0x00007ffce0410000 - 0x00007ffce042c000 	C:\WINDOWS\SYSTEM32\CRYPTSP.dll
0x00007ffcdf9d0000 - 0x00007ffcdfa08000 	C:\WINDOWS\system32\rsaenh.dll
0x00007ffcdfff0000 - 0x00007ffce001b000 	C:\WINDOWS\SYSTEM32\USERENV.dll
0x00007ffce05a0000 - 0x00007ffce05c6000 	C:\WINDOWS\SYSTEM32\bcrypt.dll
0x00007ffce0180000 - 0x00007ffce018c000 	C:\WINDOWS\SYSTEM32\CRYPTBASE.dll
0x00007ffccbaa0000 - 0x00007ffccbaa9000 	C:\Program Files\JetBrains\IntelliJ IDEA 2024.3.1.1\jbr\bin\extnet.dll
0x00007ffcc3440000 - 0x00007ffcc3447000 	C:\Program Files\JetBrains\IntelliJ IDEA 2024.3.1.1\jbr\bin\rmi.dll
0x00007ffcdf580000 - 0x00007ffcdf6a5000 	C:\WINDOWS\SYSTEM32\DNSAPI.dll
0x00007ffcd9360000 - 0x00007ffcd936b000 	C:\Windows\System32\rasadhlp.dll
0x00007ffcda1a0000 - 0x00007ffcda225000 	C:\WINDOWS\System32\fwpuclnt.dll
0x00007ffccc230000 - 0x00007ffccc239000 	C:\Program Files\JetBrains\IntelliJ IDEA 2024.3.1.1\jbr\bin\management.dll
0x00007ffccbbd0000 - 0x00007ffccbbdb000 	C:\Program Files\JetBrains\IntelliJ IDEA 2024.3.1.1\jbr\bin\management_ext.dll
0x00007ffce2130000 - 0x00007ffce2138000 	C:\WINDOWS\System32\PSAPI.DLL
0x00007ffcd7e50000 - 0x00007ffcd7e5e000 	C:\Program Files\JetBrains\IntelliJ IDEA 2024.3.1.1\jbr\bin\sunmscapi.dll
0x00007ffce1410000 - 0x00007ffce1586000 	C:\WINDOWS\System32\CRYPT32.dll
0x00007ffce0560000 - 0x00007ffce0590000 	C:\WINDOWS\SYSTEM32\ncrypt.dll
0x00007ffce0510000 - 0x00007ffce054f000 	C:\WINDOWS\SYSTEM32\NTASN1.dll

dbghelp: loaded successfully - version: 4.0.5 - missing functions: none
symbol engine: initialized successfully - sym options: 0x614 - pdb path: .;C:\Program Files\JetBrains\IntelliJ IDEA 2024.3.1.1\jbr\bin;C:\WINDOWS\SYSTEM32;C:\WINDOWS\WinSxS\amd64_microsoft.windows.common-controls_6595b64144ccf1df_6.0.26100.2454_none_3e0b68a2e331ad60;C:\Program Files\JetBrains\IntelliJ IDEA 2024.3.1.1\jbr\bin\server

VM Arguments:
jvm_args: -Djava.rmi.server.hostname=127.0.0.1 -Duser.timezone=UTC -Xmx2048m -Xms128m -Djdbc.classpath=C:\Users\abdul\AppData\Local\Temp\RemoteDriver7.classpath.txt --add-exports=java.desktop/sun.awt=ALL-UNNAMED --add-exports=java.desktop/java.awt.peer=ALL-UNNAMED --add-opens=java.desktop/java.awt=ALL-UNNAMED --add-opens=jdk.unsupported/sun.misc=ALL-UNNAMED --add-opens=java.base/java.nio=ALL-UNNAMED --add-opens=java.base/java.util=ALL-UNNAMED -Dfile.encoding=UTF-8 -Dsun.stdout.encoding=UTF-8 -Dsun.stderr.encoding=UTF-8 
java_command: com.intellij.database.remote.RemoteJdbcServer org.postgresql.Driver
java_class_path (initial): C:\Program Files\JetBrains\IntelliJ IDEA 2024.3.1.1\lib\util_rt.jar;C:\Program Files\JetBrains\IntelliJ IDEA 2024.3.1.1\lib\util-8.jar;C:\Program Files\JetBrains\IntelliJ IDEA 2024.3.1.1\lib\groovy.jar;C:\Program Files\JetBrains\IntelliJ IDEA 2024.3.1.1\plugins\DatabaseTools\lib\jdbc-console.jar;C:\Program Files\JetBrains\IntelliJ IDEA 2024.3.1.1\plugins\grid-core-impl\lib\jdbc-console-types.jar;C:\Program Files\JetBrains\IntelliJ IDEA 2024.3.1.1\lib\util.jar;C:\Program Files\JetBrains\IntelliJ IDEA 2024.3.1.1\lib\bouncy-castle.jar
Launcher Type: SUN_STANDARD

[Global flags]
     intx CICompilerCount                          = 4                                         {product} {ergonomic}
     uint ConcGCThreads                            = 2                                         {product} {ergonomic}
     uint G1ConcRefinementThreads                  = 8                                         {product} {ergonomic}
   size_t G1HeapRegionSize                         = 1048576                                   {product} {ergonomic}
    uintx GCDrainStackTargetSize                   = 64                                        {product} {ergonomic}
   size_t InitialHeapSize                          = 134217728                                 {product} {command line}
   size_t MarkStackSize                            = 4194304                                   {product} {ergonomic}
   size_t MaxHeapSize                              = 2147483648                                {product} {command line}
   size_t MaxNewSize                               = 1287651328                                {product} {ergonomic}
   size_t MinHeapDeltaBytes                        = 1048576                                   {product} {ergonomic}
   size_t MinHeapSize                              = 134217728                                 {product} {command line}
    uintx NonNMethodCodeHeapSize                   = 5839372                                {pd product} {ergonomic}
    uintx NonProfiledCodeHeapSize                  = 122909434                              {pd product} {ergonomic}
    uintx ProfiledCodeHeapSize                     = 122909434                              {pd product} {ergonomic}
    uintx ReservedCodeCacheSize                    = 251658240                              {pd product} {ergonomic}
     bool SegmentedCodeCache                       = true                                      {product} {ergonomic}
   size_t SoftMaxHeapSize                          = 2147483648                             {manageable} {ergonomic}
     bool UseCompressedOops                        = true                           {product lp64_product} {ergonomic}
     bool UseG1GC                                  = true                                      {product} {ergonomic}
     bool UseLargePagesIndividualAllocation        = false                                  {pd product} {ergonomic}

Logging:
Log output configuration:
 #0: stdout all=warning uptime,level,tags foldmultilines=false
 #1: stderr all=off uptime,level,tags foldmultilines=false

Environment Variables:
JAVA_HOME=C:\Program Files\Common Files\Oracle\Java\javapath\java.exe
PATH=C:\Program Files\Common Files\Oracle\Java\javapath;C:\WINDOWS\system32;C:\WINDOWS;C:\WINDOWS\System32\Wbem;C:\WINDOWS\System32\WindowsPowerShell\v1.0\;C:\WINDOWS\System32\OpenSSH\;C:\Program Files (x86)\Microsoft SQL Server\160\Tools\Binn\;C:\Program Files\Microsoft SQL Server\160\Tools\Binn\;C:\Program Files\Microsoft SQL Server\Client SDK\ODBC\170\Tools\Binn\;C:\Program Files\Microsoft SQL Server\160\DTS\Binn\;C:\Program Files (x86)\Microsoft SQL Server\160\DTS\Binn\;C:\Program Files\Git\cmd;C:\Program Files\Docker\Docker\resources\bin;C:\Users\abdul\AppData\Local\Microsoft\WindowsApps;C:\Users\abdul\AppData\Local\Programs\Microsoft VS Code\bin;C:\Users\abdul\AppData\Local\GitHubDesktop\bin
USERNAME=abdul
OS=Windows_NT
PROCESSOR_IDENTIFIER=Intel64 Family 6 Model 140 Stepping 2, GenuineIntel
TMP=C:\Users\abdul\AppData\Local\Temp
TEMP=C:\Users\abdul\AppData\Local\Temp




Periodic native trim disabled

JNI global refs:
JNI global refs: 18, weak refs: 0

JNI global refs memory usage: 835, weak refs: 833

Process memory usage:
Resident Set Size: 137624K (0% of 16555320K total physical memory with 4200760K free physical memory)

OOME stack traces (most recent first):
Classloader memory used:
Loader bootstrap                                                                       : 7156K
Loader jdk.internal.loader.ClassLoaders$AppClassLoader                                 : 3327K
Loader com.intellij.database.remote.jdbc.impl.JdbcClassLoader$JdbcClassLoaderImpl      : 1699K
Loader jdk.internal.loader.ClassLoaders$PlatformClassLoader                            : 395K
Loader jdk.internal.reflect.DelegatingClassLoader                                      : 132K
Loader com.intellij.database.remote.jdbc.impl.JdbcClassLoader$1                        : 6912B

---------------  S Y S T E M  ---------------

OS:
 Windows 11 , 64 bit Build 26100 (10.0.26100.2454)
OS uptime: 0 days 0:48 hours
Hyper-V role detected

CPU: total 8 (initial active 8) (4 cores per cpu, 2 threads per core) family 6 model 140 stepping 2 microcode 0x26, cx8, cmov, fxsr, ht, mmx, 3dnowpref, sse, sse2, sse3, ssse3, sse4.1, sse4.2, popcnt, lzcnt, tsc, tscinvbit, avx, avx2, aes, erms, clmul, bmi1, bmi2, adx, avx512f, avx512dq, avx512cd, avx512bw, avx512vl, sha, fma, vzeroupper, avx512_vpopcntdq, avx512_vpclmulqdq, avx512_vaes, avx512_vnni, clflush, clflushopt, clwb, avx512_vbmi2, avx512_vbmi, hv, rdtscp, rdpid, fsrm, gfni, avx512_bitalg, f16c, cet_ibt, cet_ss, avx512_ifma
Processor Information for all 8 processors :
  Max Mhz: 3187, Current Mhz: 3187, Mhz Limit: 3187

Memory: 4k page, system-wide physical 16167M (4100M free)
TotalPageFile size 16167M (AvailPageFile size 13M)
current process WorkingSet (physical memory assigned to process): 134M, peak: 136M
current process commit charge ("private bytes"): 269M, peak: 271M

vm_info: OpenJDK 64-Bit Server VM (21.0.5+8-b631.28) for windows-amd64 JRE (21.0.5+8-b631.28), built on 2024-11-23 by "builduser" with MS VC++ 16.10 / 16.11 (VS2019)

END.
