#
# There is insufficient memory for the Java Runtime Environment to continue.
# Native memory allocation (mmap) failed to map 266338304 bytes. Error detail: G1 virtual space
# Possible reasons:
#   The system is out of physical RAM or swap space
#   This process is running with CompressedOops enabled, and the Java Heap may be blocking the growth of the native heap
# Possible solutions:
#   Reduce memory load on the system
#   Increase physical memory or swap space
#   Check if swap backing store is full
#   Decrease Java heap size (-Xmx/-Xms)
#   Decrease number of Java threads
#   Decrease Java thread stack sizes (-Xss)
#   Set larger code cache with -XX:ReservedCodeCacheSize=
#   JVM is running with Zero Based Compressed Oops mode in which the Java heap is
#     placed in the first 32GB address space. The Java Heap base address is the
#     maximum limit for the native heap growth. Please use -XX:HeapBaseMinAddress
#     to set the Java Heap base and to place the Java Heap above 32GB virtual address.
# This output file may be truncated or incomplete.
#
#  Out of Memory Error (os_windows.cpp:3614), pid=16284, tid=8956
#
# JRE version:  (17.0.13+11) (build )
# Java VM: OpenJDK 64-Bit Server VM (17.0.13+11-LTS, mixed mode, emulated-client, sharing, tiered, compressed oops, compressed class ptrs, g1 gc, windows-amd64)
# No core dump will be written. Minidumps are not enabled by default on client versions of Windows
#

---------------  S U M M A R Y ------------

Command Line: -agentlib:jdwp=transport=dt_socket,address=127.0.0.1:57798,suspend=y,server=n -agentpath:C:\Users\abdul\AppData\Local\Temp\idea_libasyncProfiler_dll_temp_folder3403\libasyncProfiler.dll=version,jfr,event=wall,interval=10ms,cstack=no,file=C:\Users\abdul\IdeaSnapshots\DemoApplication_2024_12_21_132946.jfr,dbghelppath=C:\Users\abdul\AppData\Local\Temp\idea_dbghelp_dll_temp_folder10\dbghelp.dll,log=C:\Users\abdul\AppData\Local\Temp\DemoApplication_2024_12_21_132946.jfr.log.txt,logLevel=DEBUG -XX:TieredStopAtLevel=1 -Dspring.output.ansi.enabled=always -Dcom.sun.management.jmxremote -Dspring.jmx.enabled=true -Dspring.liveBeansView.mbeanDomain -Dspring.application.admin.enabled=true -Dmanagement.endpoints.jmx.exposure.include=* -javaagent:C:\Users\abdul\AppData\Local\JetBrains\IntelliJIdea2024.3\captureAgent\debugger-agent.jar -Dkotlinx.coroutines.debug.enable.creation.stack.trace=false -Ddebugger.agent.enable.coroutines=true -Dkotlinx.coroutines.debug.enable.flows.stack.trace=true -Dkotlinx.coroutines.debug.enable.mutable.state.flows.stack.trace=true -Dfile.encoding=UTF-8 com.example.demo.DemoApplication

Host: 11th Gen Intel(R) Core(TM) i5-11320H @ 3.20GHz, 8 cores, 15G,  Windows 11 , 64 bit Build 26100 (10.0.26100.2454)
Time: Sat Dec 21 13:29:47 2024 Türkiye Standart Saati elapsed time: 1.098517 seconds (0d 0h 0m 1s)

---------------  T H R E A D  ---------------

Current thread (0x0000028041df9620):  JavaThread "Unknown thread" [_thread_in_vm, id=8956, stack(0x000000a052900000,0x000000a052a00000)]

Stack: [0x000000a052900000,0x000000a052a00000]
Native frames: (J=compiled Java code, j=interpreted, Vv=VM code, C=native code)
V  [jvm.dll+0x680c19]
V  [jvm.dll+0x83888a]
V  [jvm.dll+0x83a34e]
V  [jvm.dll+0x83a9b3]
V  [jvm.dll+0x2481af]
V  [jvm.dll+0x67d959]
V  [jvm.dll+0x67242a]
V  [jvm.dll+0x30813b]
V  [jvm.dll+0x30f626]
V  [jvm.dll+0x35f94e]
V  [jvm.dll+0x35fb8f]
V  [jvm.dll+0x2df0ec]
V  [jvm.dll+0x2e0044]
V  [jvm.dll+0x80a04b]
V  [jvm.dll+0x36d6c1]
V  [jvm.dll+0x7e8975]
V  [jvm.dll+0x3f109f]
V  [jvm.dll+0x3f2c11]
C  [jli.dll+0x52ab]
C  [ucrtbase.dll+0x14ea0]
C  [KERNEL32.DLL+0x2e8d7]
C  [ntdll.dll+0xdfbcc]


---------------  P R O C E S S  ---------------

Threads class SMR info:
_java_thread_list=0x00007ffc84f98f58, length=0, elements={
}

Java Threads: ( => current thread )

Other Threads:
  0x000002804bcdaaa0 GCTaskThread "GC Thread#0" [stack: 0x000000a052a00000,0x000000a052b00000] [id=4436]
  0x000002804bceb590 ConcurrentGCThread "G1 Main Marker" [stack: 0x000000a052b00000,0x000000a052c00000] [id=8168]
  0x000002804bceddc0 ConcurrentGCThread "G1 Conc#0" [stack: 0x000000a052c00000,0x000000a052d00000] [id=9600]

[error occurred during error reporting (printing all threads), id 0xc0000005, EXCEPTION_ACCESS_VIOLATION (0xc0000005) at pc=0x00007ffc8474f827]

VM state: not at safepoint (not fully initialized)

VM Mutex/Monitor currently owned by a thread:  ([mutex/lock_event])
[0x000002804bc5e9a0] Heap_lock - owner thread: 0x0000028041df9620

Heap address: 0x0000000703600000, size: 4042 MB, Compressed Oops mode: Zero based, Oop shift amount: 3

CDS archive(s) mapped at: [0x0000000000000000-0x0000000000000000-0x0000000000000000), size 0, SharedBaseAddress: 0x0000000800000000, ArchiveRelocationMode: 1.
Narrow klass base: 0x0000000000000000, Narrow klass shift: 0, Narrow klass range: 0x0

GC Precious Log:
<Empty>

Heap:
 garbage-first heap   total 0K, used 0K [0x0000000703600000, 0x0000000800000000)
  region size 2048K, 0 young (0K), 0 survivors (0K)

[error occurred during error reporting (printing heap information), id 0xc0000005, EXCEPTION_ACCESS_VIOLATION (0xc0000005) at pc=0x00007ffc84b39e69]

GC Heap History (0 events):
No events

Dll operation events (2 events):
Event: 0.025 Loaded shared library C:\Users\abdul\.jdks\corretto-17.0.13\bin\java.dll
Event: 0.026 Loaded shared library C:\Users\abdul\.jdks\corretto-17.0.13\bin\zip.dll

Deoptimization events (0 events):
No events

Classes loaded (0 events):
No events

Classes unloaded (0 events):
No events

Classes redefined (0 events):
No events

Internal exceptions (0 events):
No events

VM Operations (0 events):
No events

Memory protections (0 events):
No events

Nmethod flushes (0 events):
No events

Events (0 events):
No events


Dynamic libraries:
0x00007ff621ff0000 - 0x00007ff621ffe000 	C:\Users\abdul\.jdks\corretto-17.0.13\bin\java.exe
0x00007ffce5840000 - 0x00007ffce5aa3000 	C:\WINDOWS\SYSTEM32\ntdll.dll
0x00007ffce3d00000 - 0x00007ffce3dc8000 	C:\WINDOWS\System32\KERNEL32.DLL
0x00007ffce32e0000 - 0x00007ffce3692000 	C:\WINDOWS\System32\KERNELBASE.dll
0x00007ffce3190000 - 0x00007ffce32db000 	C:\WINDOWS\System32\ucrtbase.dll
0x00007ffcd98a0000 - 0x00007ffcd98b7000 	C:\Users\abdul\.jdks\corretto-17.0.13\bin\jli.dll
0x00007ffcd9800000 - 0x00007ffcd981b000 	C:\Users\abdul\.jdks\corretto-17.0.13\bin\VCRUNTIME140.dll
0x00007ffce3f40000 - 0x00007ffce4108000 	C:\WINDOWS\System32\USER32.dll
0x00007ffcc1650000 - 0x00007ffcc18e0000 	C:\WINDOWS\WinSxS\amd64_microsoft.windows.common-controls_6595b64144ccf1df_6.0.26100.2454_none_3e0b68a2e331ad60\COMCTL32.dll
0x00007ffce2dd0000 - 0x00007ffce2df7000 	C:\WINDOWS\System32\win32u.dll
0x00007ffce5690000 - 0x00007ffce5739000 	C:\WINDOWS\System32\msvcrt.dll
0x00007ffce3b70000 - 0x00007ffce3b9a000 	C:\WINDOWS\System32\GDI32.dll
0x00007ffce2ca0000 - 0x00007ffce2dcb000 	C:\WINDOWS\System32\gdi32full.dll
0x00007ffce3020000 - 0x00007ffce30c3000 	C:\WINDOWS\System32\msvcp_win.dll
0x00007ffce36a0000 - 0x00007ffce36cf000 	C:\WINDOWS\System32\IMM32.DLL
0x00007ffcd9890000 - 0x00007ffcd989c000 	C:\Users\abdul\.jdks\corretto-17.0.13\bin\vcruntime140_1.dll
0x00007ffcc7f20000 - 0x00007ffcc7fad000 	C:\Users\abdul\.jdks\corretto-17.0.13\bin\msvcp140.dll
0x00007ffc84460000 - 0x00007ffc850cc000 	C:\Users\abdul\.jdks\corretto-17.0.13\bin\server\jvm.dll
0x00007ffce55b0000 - 0x00007ffce5664000 	C:\WINDOWS\System32\ADVAPI32.dll
0x00007ffce49f0000 - 0x00007ffce4a96000 	C:\WINDOWS\System32\sechost.dll
0x00007ffce4aa0000 - 0x00007ffce4bb6000 	C:\WINDOWS\System32\RPCRT4.dll
0x00007ffce5500000 - 0x00007ffce5574000 	C:\WINDOWS\System32\WS2_32.dll
0x00007ffce2350000 - 0x00007ffce239e000 	C:\WINDOWS\SYSTEM32\POWRPROF.dll
0x00007ffcd6500000 - 0x00007ffcd6536000 	C:\WINDOWS\SYSTEM32\WINMM.dll
0x00007ffcd5e60000 - 0x00007ffcd5e6b000 	C:\WINDOWS\SYSTEM32\VERSION.dll
0x00007ffce2330000 - 0x00007ffce2344000 	C:\WINDOWS\SYSTEM32\UMPDC.dll
0x00007ffce1a10000 - 0x00007ffce1a2a000 	C:\WINDOWS\SYSTEM32\kernel.appcore.dll
0x00007ffcd90a0000 - 0x00007ffcd90aa000 	C:\Users\abdul\.jdks\corretto-17.0.13\bin\jimage.dll
0x00007ffcdfbf0000 - 0x00007ffcdfe31000 	C:\WINDOWS\SYSTEM32\DBGHELP.DLL
0x00007ffce4ff0000 - 0x00007ffce536e000 	C:\WINDOWS\System32\combase.dll
0x00007ffce53a0000 - 0x00007ffce5476000 	C:\WINDOWS\System32\OLEAUT32.dll
0x00007ffcc5d30000 - 0x00007ffcc5d69000 	C:\WINDOWS\SYSTEM32\dbgcore.DLL
0x00007ffce2f80000 - 0x00007ffce3019000 	C:\WINDOWS\System32\bcryptPrimitives.dll
0x00007ffcceb60000 - 0x00007ffcceb9b000 	C:\Users\abdul\.jdks\corretto-17.0.13\bin\jdwp.dll
0x00007ffc951d0000 - 0x00007ffc953de000 	C:\Users\abdul\AppData\Local\Temp\idea_libasyncProfiler_dll_temp_folder3403\libasyncProfiler.dll
0x00007ffccf520000 - 0x00007ffccf52e000 	C:\Users\abdul\.jdks\corretto-17.0.13\bin\instrument.dll
0x00007ffccc160000 - 0x00007ffccc185000 	C:\Users\abdul\.jdks\corretto-17.0.13\bin\java.dll
0x00007ffcccaa0000 - 0x00007ffcccab8000 	C:\Users\abdul\.jdks\corretto-17.0.13\bin\zip.dll

dbghelp: loaded successfully - version: 4.0.5 - missing functions: none
symbol engine: initialized successfully - sym options: 0x614 - pdb path: .;C:\Users\abdul\.jdks\corretto-17.0.13\bin;C:\WINDOWS\SYSTEM32;C:\WINDOWS\WinSxS\amd64_microsoft.windows.common-controls_6595b64144ccf1df_6.0.26100.2454_none_3e0b68a2e331ad60;C:\Users\abdul\.jdks\corretto-17.0.13\bin\server;C:\Users\abdul\AppData\Local\Temp\idea_libasyncProfiler_dll_temp_folder3403

VM Arguments:
jvm_args: -agentlib:jdwp=transport=dt_socket,address=127.0.0.1:57798,suspend=y,server=n -agentpath:C:\Users\abdul\AppData\Local\Temp\idea_libasyncProfiler_dll_temp_folder3403\libasyncProfiler.dll=version,jfr,event=wall,interval=10ms,cstack=no,file=C:\Users\abdul\IdeaSnapshots\DemoApplication_2024_12_21_132946.jfr,dbghelppath=C:\Users\abdul\AppData\Local\Temp\idea_dbghelp_dll_temp_folder10\dbghelp.dll,log=C:\Users\abdul\AppData\Local\Temp\DemoApplication_2024_12_21_132946.jfr.log.txt,logLevel=DEBUG -XX:TieredStopAtLevel=1 -Dspring.output.ansi.enabled=always -Dcom.sun.management.jmxremote -Dspring.jmx.enabled=true -Dspring.liveBeansView.mbeanDomain -Dspring.application.admin.enabled=true -Dmanagement.endpoints.jmx.exposure.include=* -javaagent:C:\Users\abdul\AppData\Local\JetBrains\IntelliJIdea2024.3\captureAgent\debugger-agent.jar -Dkotlinx.coroutines.debug.enable.creation.stack.trace=false -Ddebugger.agent.enable.coroutines=true -Dkotlinx.coroutines.debug.enable.flows.stack.trace=true -Dkotlinx.coroutines.debug.enable.mutable.state.flows.stack.trace=true -Dfile.encoding=UTF-8 
java_command: com.example.demo.DemoApplication
java_class_path (initial): C:\odev\demo\demo\target\classes;C:\Users\abdul\.m2\repository\org\springframework\boot\spring-boot-starter-validation\3.4.1\spring-boot-starter-validation-3.4.1.jar;C:\Users\abdul\.m2\repository\org\springframework\boot\spring-boot-starter\3.4.1\spring-boot-starter-3.4.1.jar;C:\Users\abdul\.m2\repository\org\springframework\boot\spring-boot-starter-logging\3.4.1\spring-boot-starter-logging-3.4.1.jar;C:\Users\abdul\.m2\repository\ch\qos\logback\logback-classic\1.5.12\logback-classic-1.5.12.jar;C:\Users\abdul\.m2\repository\ch\qos\logback\logback-core\1.5.12\logback-core-1.5.12.jar;C:\Users\abdul\.m2\repository\org\apache\logging\log4j\log4j-to-slf4j\2.24.3\log4j-to-slf4j-2.24.3.jar;C:\Users\abdul\.m2\repository\org\apache\logging\log4j\log4j-api\2.24.3\log4j-api-2.24.3.jar;C:\Users\abdul\.m2\repository\org\slf4j\jul-to-slf4j\2.0.16\jul-to-slf4j-2.0.16.jar;C:\Users\abdul\.m2\repository\jakarta\annotation\jakarta.annotation-api\2.1.1\jakarta.annotation-api-2.1.1.jar;C:\Users\abdul\.m2\repository\org\yaml\snakeyaml\2.3\snakeyaml-2.3.jar;C:\Users\abdul\.m2\repository\org\apache\tomcat\embed\tomcat-embed-el\10.1.34\tomcat-embed-el-10.1.34.jar;C:\Users\abdul\.m2\repository\org\hibernate\validator\hibernate-validator\8.0.2.Final\hibernate-validator-8.0.2.Final.jar;C:\Users\abdul\.m2\repository\jakarta\validation\jakarta.validation-api\3.0.2\jakarta.validation-api-3.0.2.jar;C:\Users\abdul\.m2\repository\org\jboss\logging\jboss-logging\3.6.1.Final\jboss-logging-3.6.1.Final.jar;C:\Users\abdul\.m2\repository\com\fasterxml\classmate\1.7.0\classmate-1.7.0.jar;C:\Users\abdul\.m2\repository\org\springframework\boot\spring-boot-starter-web\3.4.1\spring-boot-starter-web-3.4.1.jar;C:\Users\abdul\.m2\repository\org\springframework\boot\spring-boot-starter-json\3.4.1\spring-boot-starter-json-3.4.1.jar;C:\Users\abdul\.m2\repository\com\fasterxml\jackson\core\jackson-databind\2.18.2\jackson-databind-2.18.2.jar;C:\Users\abdul\.m2\repository\com\fasterxml\jacks
Launcher Type: SUN_STANDARD

[Global flags]
     intx CICompilerCount                          = 4                                         {product} {ergonomic}
     uint ConcGCThreads                            = 2                                         {product} {ergonomic}
     uint G1ConcRefinementThreads                  = 8                                         {product} {ergonomic}
   size_t G1HeapRegionSize                         = 2097152                                   {product} {ergonomic}
    uintx GCDrainStackTargetSize                   = 64                                        {product} {ergonomic}
   size_t InitialHeapSize                          = 266338304                                 {product} {ergonomic}
     bool ManagementServer                         = true                                      {product} {command line}
   size_t MarkStackSize                            = 4194304                                   {product} {ergonomic}
   size_t MaxHeapSize                              = 4238344192                                {product} {ergonomic}
   size_t MinHeapDeltaBytes                        = 2097152                                   {product} {ergonomic}
   size_t MinHeapSize                              = 8388608                                   {product} {ergonomic}
    uintx NonProfiledCodeHeapSize                  = 0                                      {pd product} {ergonomic}
     bool ProfileInterpreter                       = false                                  {pd product} {command line}
    uintx ProfiledCodeHeapSize                     = 0                                      {pd product} {ergonomic}
   size_t SoftMaxHeapSize                          = 4238344192                             {manageable} {ergonomic}
     intx TieredStopAtLevel                        = 1                                         {product} {command line}
     bool UseCompressedClassPointers               = true                           {product lp64_product} {ergonomic}
     bool UseCompressedOops                        = true                           {product lp64_product} {ergonomic}
     bool UseG1GC                                  = true                                      {product} {ergonomic}
     bool UseLargePagesIndividualAllocation        = false                                  {pd product} {ergonomic}

Logging:
Log output configuration:
 #0: stdout all=warning uptime,level,tags
 #1: stderr all=off uptime,level,tags

Environment Variables:
JAVA_HOME=C:\Program Files\Common Files\Oracle\Java\javapath\java.exe
PATH=C:\Program Files\Common Files\Oracle\Java\javapath;C:\WINDOWS\system32;C:\WINDOWS;C:\WINDOWS\System32\Wbem;C:\WINDOWS\System32\WindowsPowerShell\v1.0\;C:\WINDOWS\System32\OpenSSH\;C:\Program Files (x86)\Microsoft SQL Server\160\Tools\Binn\;C:\Program Files\Microsoft SQL Server\160\Tools\Binn\;C:\Program Files\Microsoft SQL Server\Client SDK\ODBC\170\Tools\Binn\;C:\Program Files\Microsoft SQL Server\160\DTS\Binn\;C:\Program Files (x86)\Microsoft SQL Server\160\DTS\Binn\;C:\Program Files\Git\cmd;C:\Program Files\Docker\Docker\resources\bin;C:\Users\abdul\AppData\Local\Microsoft\WindowsApps;C:\Users\abdul\AppData\Local\Programs\Microsoft VS Code\bin;C:\Users\abdul\AppData\Local\GitHubDesktop\bin
USERNAME=abdul
OS=Windows_NT
PROCESSOR_IDENTIFIER=Intel64 Family 6 Model 140 Stepping 2, GenuineIntel
TMP=C:\Users\abdul\AppData\Local\Temp
TEMP=C:\Users\abdul\AppData\Local\Temp



Periodic native trim disabled


---------------  S Y S T E M  ---------------

OS:
 Windows 11 , 64 bit Build 26100 (10.0.26100.2454)
OS uptime: 0 days 1:33 hours
Hyper-V role detected

CPU: total 8 (initial active 8) (4 cores per cpu, 2 threads per core) family 6 model 140 stepping 2 microcode 0x26, cx8, cmov, fxsr, ht, mmx, 3dnowpref, sse, sse2, sse3, ssse3, sse4.1, sse4.2, popcnt, lzcnt, tsc, tscinvbit, avx, avx2, aes, erms, clmul, bmi1, bmi2, adx, avx512f, avx512dq, avx512cd, avx512bw, avx512vl, sha, fma, vzeroupper, avx512_vpopcntdq, avx512_vpclmulqdq, avx512_vaes, avx512_vnni, clflush, clflushopt, clwb, avx512_vbmi2, avx512_vbmi, hv
Processor Information for all 8 processors :
  Max Mhz: 3187, Current Mhz: 3187, Mhz Limit: 3187

Memory: 4k page, system-wide physical 16167M (4530M free)
TotalPageFile size 16167M (AvailPageFile size 20M)
current process WorkingSet (physical memory assigned to process): 14M, peak: 14M
current process commit charge ("private bytes"): 67M, peak: 321M

vm_info: OpenJDK 64-Bit Server VM (17.0.13+11-LTS) for windows-amd64 JRE (17.0.13+11-LTS), built on Oct 10 2024 19:51:30 by "Administrator" with MS VC++ 16.10 / 16.11 (VS2019)

END.
